================================================
 KakaoTalk Send Log
 Started: 2026. 4. 8. PM 10:33:27
 Targets: 1
 Message: "🌸 안녕하세요, 대표님!
코드세무회계입니다.

따뜻한 봄기운이 완연한 4월입니다.
바쁜 일정 중에도 저희와 함께해주셔서
늘 감사한 마음입니다.

이번 달은 2026년 1기 부가가치세
예정고지 납부 기간입니다.

이번 고지세액은 지난 하반기 납부액의
절반을 미리 납부하시는 것으로,
추후 확정 신고 시 그만큼 차감되어
세금 부담을 덜어주는 제도입니다.

[납부 안내 사항]

✅ 납부 기한
: 4월 27일(월)까지

✅ 납부 내용
: 직전 반기 납부세액의 1/2

바쁘신 와중에 깜빡하여 가산세가
발생하지 않도록 기한 내 납부를
꼭 부탁드립니다.

오늘도 대표님의 비즈니스가
활짝 피어나는 하루가 되길 응원합니다!"
================================================
[PM 10:33:28] launching KakaoTalk...
[PM 10:33:32] KakaoTalk ready
[PM 10:33:32] opening chat list (Cmd+2)
[PM 10:33:33] 
[1/1] 다로갈비 병점점 (695-10-02969) -> 한상일
[PM 10:33:33]   search (Cmd+F)
[PM 10:33:34]   typing "한상일"...
[PM 10:33:36]   opening chat
[PM 10:33:38]   sending message...
[PM 10:33:40]   message sent
[PM 10:33:40]   sending card image: image_4ef92c41-5600-4397-914c-e430d001ba73.png
[PM 10:33:44]   card image sent
[PM 10:33:44]   sending biz image: 고지내역_부가가치세_6951002969.png
[PM 10:33:49]   biz image sent
[PM 10:33:49]   closing chat (Cmd+W)
[PM 10:33:50] done [1/1] "다로갈비 병점점"
[PM 10:33:50] 
KakaoTalk send complete - success 1 / failed 0 / skipped 0

================================================
 Completed: 2026. 4. 8. PM 10:33:50
 Elapsed: 22s
 Result: success 1 / failed 0 / skipped 0
================================================
