================================================
 카카오톡 전송 로그
 시작: 2026. 4. 8. PM 12:02:59
 전송 대상: 85건
 메시지: "🌸 안녕하세요, 대표님!
코드세무회계입니다.

따뜻한 봄기운이 완연한 4월입니다.
바쁜 일정 중에도 저희와 함께해주셔서
늘 감사한 마음입니다.

이번 달은 2026년 1기 부가가치세
예정고지 납부 기간입니다.

이번 고지세액은 지난 하반기 납부액의
절반을 미리 납부하시는 것으로,
추후 확정 신고 시 그만큼 차감되어
세금 부담을 덜어주는 제도입니다.

[납부 안내 사항]

✅ 납부 기한
: 4월 27일(월)까지

✅ 납부 내용
: 직전 반기 납부세액의 1/2

바쁘신 와중에 깜빡하여 가산세가
발생하지 않도록 기한 내 납부를
꼭 부탁드립니다.

오늘도 대표님의 비즈니스가
활짝 피어나는 하루가 되길 응원합니다!"
================================================
[PM 12:02:59] 📱 카카오톡 실행 중...
[PM 12:03:04] ✅ 카카오톡 실행 완료
[PM 12:03:04] 💬 채팅 목록 열기 (Cmd+2)
[PM 12:03:05] 
[1/85] (CA)경영지원연구소 (442-07-02803) → 4420702803
[PM 12:03:05]   🔍 검색창 열기 (Cmd+F)
[PM 12:03:06]   ⌨️  "4420702803" 입력 중...
[PM 12:03:08]   🔎 검색 결과: 없음
[PM 12:03:08]   ⚠️  "4420702803" 검색 결과 없음, 건너뜀
[PM 12:03:09] 
[2/85] 경회택배 (107-35-71623) → 1073571623
[PM 12:03:09]   🔍 검색창 열기 (Cmd+F)
[PM 12:03:10]   ⌨️  "1073571623" 입력 중...
[PM 12:03:13]   🔎 검색 결과: 없음
[PM 12:03:13]   ⚠️  "1073571623" 검색 결과 없음, 건너뜀
[PM 12:03:13] 
[3/85] 광천종합특수강 (772-17-01704) → 7721701704
[PM 12:03:13]   🔍 검색창 열기 (Cmd+F)
[PM 12:03:15]   ⌨️  "7721701704" 입력 중...
[PM 12:03:17]   🔎 검색 결과: 발견
[PM 12:03:17]   📂 채팅방 열기
[PM 12:03:18]   ✉️  문구 클립보드 복사 후 붙여넣기...
[PM 12:03:21]   ✉️  문구 전송 완료
[PM 12:03:21]   🎴 카드 이미지 클립보드 복사 중: image_4ef92c41-5600-4397-914c-e430d001ba73.png
[PM 12:03:21]   📤 카드 이미지 붙여넣기 (Cmd+V)
[PM 12:03:25]   🎴 카드 이미지 전송 완료: image_4ef92c41-5600-4397-914c-e430d001ba73.png
[PM 12:03:25]   📋 사업자 이미지 클립보드 복사 중: 고지내역_부가가치세_7721701704.png
[PM 12:03:25]   📤 사업자 이미지 붙여넣기 (Cmd+V)
[PM 12:03:29]   🖼 사업자 이미지 전송 완료: 고지내역_부가가치세_7721701704.png
[PM 12:03:29]   🚪 채팅방 닫기 (Cmd+W)
[PM 12:03:29] ✅ [3/85] "광천종합특수강" 전송 완료
[PM 12:03:31] 
[4/85] 그리다 아이엔티(INT) (880-23-01097) → 8802301097
[PM 12:03:31]   🔍 검색창 열기 (Cmd+F)
[PM 12:03:32]   ⌨️  "8802301097" 입력 중...
[PM 12:03:34]   🔎 검색 결과: 없음
[PM 12:03:34]   ⚠️  "8802301097" 검색 결과 없음, 건너뜀
[PM 12:03:35] 
[5/85] 기업금융관리원 (618-64-00628) → 6186400628
[PM 12:03:35]   🔍 검색창 열기 (Cmd+F)
[PM 12:03:36]   ⌨️  "6186400628" 입력 중...
[PM 12:03:38]   🔎 검색 결과: 없음
[PM 12:03:38]   ⚠️  "6186400628" 검색 결과 없음, 건너뜀
[PM 12:03:39] 
[6/85] 김충일사업 (545-62-00836) → 5456200836
[PM 12:03:39]   🔍 검색창 열기 (Cmd+F)
[PM 12:03:40]   ⌨️  "5456200836" 입력 중...
[PM 12:03:43]   🔎 검색 결과: 없음
[PM 12:03:43]   ⚠️  "5456200836" 검색 결과 없음, 건너뜀
[PM 12:03:43] 
[7/85] 다로갈비 병점점 (695-10-02969) → 6951002969
[PM 12:03:43]   🔍 검색창 열기 (Cmd+F)
[PM 12:03:44]   ⌨️  "6951002969" 입력 중...
[PM 12:03:47]   🔎 검색 결과: 없음
[PM 12:03:47]   ⚠️  "6951002969" 검색 결과 없음, 건너뜀
[PM 12:03:47] 
[8/85] 다연 (107-15-35099) → 1071535099
[PM 12:03:47]   🔍 검색창 열기 (Cmd+F)
[PM 12:03:49]   ⌨️  "1071535099" 입력 중...
[PM 12:03:51]   🔎 검색 결과: 없음
[PM 12:03:51]   ⚠️  "1071535099" 검색 결과 없음, 건너뜀
[PM 12:03:51] 
[9/85] 대명테크 (413-02-94635) → 4130294635
[PM 12:03:51]   🔍 검색창 열기 (Cmd+F)
[PM 12:03:53]   ⌨️  "4130294635" 입력 중...
[PM 12:03:55]   🔎 검색 결과: 발견
[PM 12:03:55]   📂 채팅방 열기
[PM 12:03:57]   ✉️  문구 클립보드 복사 후 붙여넣기...
[PM 12:03:59]   ✉️  문구 전송 완료
[PM 12:03:59]   🎴 카드 이미지 클립보드 복사 중: image_4ef92c41-5600-4397-914c-e430d001ba73.png
[PM 12:04:00]   📤 카드 이미지 붙여넣기 (Cmd+V)
[PM 12:04:03]   🎴 카드 이미지 전송 완료: image_4ef92c41-5600-4397-914c-e430d001ba73.png
[PM 12:04:03]   📋 사업자 이미지 클립보드 복사 중: 고지내역_부가가치세_4130294635.png
[PM 12:04:04]   📤 사업자 이미지 붙여넣기 (Cmd+V)
[PM 12:04:07]   🖼 사업자 이미지 전송 완료: 고지내역_부가가치세_4130294635.png
[PM 12:04:07]   🚪 채팅방 닫기 (Cmd+W)
[PM 12:04:08] ✅ [9/85] "대명테크" 전송 완료
[PM 12:04:09] 
[10/85] 더베이지 (778-26-01704) → 7782601704
[PM 12:04:09]   🔍 검색창 열기 (Cmd+F)
[PM 12:04:10]   ⌨️  "7782601704" 입력 중...
[PM 12:04:12]   🔎 검색 결과: 없음
[PM 12:04:12]   ⚠️  "7782601704" 검색 결과 없음, 건너뜀
[PM 12:04:13] 
[11/85] 동해화물 (231-76-00536) → 2317600536
[PM 12:04:13]   🔍 검색창 열기 (Cmd+F)
[PM 12:04:14]   ⌨️  "2317600536" 입력 중...
[PM 12:04:17]   🔎 검색 결과: 없음
[PM 12:04:17]   ⚠️  "2317600536" 검색 결과 없음, 건너뜀
[PM 12:04:17] 
[12/85] 든든비즈랩 (296-45-01348) → 2964501348
[PM 12:04:17]   🔍 검색창 열기 (Cmd+F)
[PM 12:04:19]   ⌨️  "2964501348" 입력 중...
[PM 12:04:21]   🔎 검색 결과: 발견
[PM 12:04:21]   📂 채팅방 열기
[PM 12:04:22]   ✉️  문구 클립보드 복사 후 붙여넣기...
[PM 12:04:25]   ✉️  문구 전송 완료
[PM 12:04:25]   🎴 카드 이미지 클립보드 복사 중: image_4ef92c41-5600-4397-914c-e430d001ba73.png
[PM 12:04:25]   📤 카드 이미지 붙여넣기 (Cmd+V)
[PM 12:04:29]   🎴 카드 이미지 전송 완료: image_4ef92c41-5600-4397-914c-e430d001ba73.png
[PM 12:04:29]   📋 사업자 이미지 클립보드 복사 중: 고지내역_부가가치세_2964501348.png
[PM 12:04:29]   📤 사업자 이미지 붙여넣기 (Cmd+V)
[PM 12:04:33]   🖼 사업자 이미지 전송 완료: 고지내역_부가가치세_2964501348.png
[PM 12:04:33]   🚪 채팅방 닫기 (Cmd+W)
[PM 12:04:33] ✅ [12/85] "든든비즈랩" 전송 완료
[PM 12:04:35] 
[13/85] 라베코리아 (275-39-00996) → 2753900996
[PM 12:04:35]   🔍 검색창 열기 (Cmd+F)
[PM 12:04:37]   ⌨️  "2753900996" 입력 중...
[PM 12:04:39]   🔎 검색 결과: 발견
[PM 12:04:39]   📂 채팅방 열기
[PM 12:04:40]   ✉️  문구 클립보드 복사 후 붙여넣기...
[PM 12:04:43]   ✉️  문구 전송 완료
[PM 12:04:43]   🎴 카드 이미지 클립보드 복사 중: image_4ef92c41-5600-4397-914c-e430d001ba73.png
[PM 12:04:43]   📤 카드 이미지 붙여넣기 (Cmd+V)
[PM 12:04:48]   🎴 카드 이미지 전송 완료: image_4ef92c41-5600-4397-914c-e430d001ba73.png
[PM 12:04:48]   📋 사업자 이미지 클립보드 복사 중: 고지내역_부가가치세_2753900996.png
[PM 12:04:48]   📤 사업자 이미지 붙여넣기 (Cmd+V)
[PM 12:04:52]   🖼 사업자 이미지 전송 완료: 고지내역_부가가치세_2753900996.png
[PM 12:04:52]   🚪 채팅방 닫기 (Cmd+W)
[PM 12:04:52] ✅ [13/85] "라베코리아" 전송 완료
[PM 12:04:54] 
[14/85] 라온힐조 (499-17-01115) → 4991701115
[PM 12:04:54]   🔍 검색창 열기 (Cmd+F)
[PM 12:04:55]   ⌨️  "4991701115" 입력 중...
[PM 12:04:57]   🔎 검색 결과: 발견
[PM 12:04:57]   📂 채팅방 열기
[PM 12:04:59]   ✉️  문구 클립보드 복사 후 붙여넣기...
[PM 12:05:01]   ✉️  문구 전송 완료
[PM 12:05:01]   🎴 카드 이미지 클립보드 복사 중: image_4ef92c41-5600-4397-914c-e430d001ba73.png
[PM 12:05:02]   📤 카드 이미지 붙여넣기 (Cmd+V)
[PM 12:05:05]   🎴 카드 이미지 전송 완료: image_4ef92c41-5600-4397-914c-e430d001ba73.png
[PM 12:05:05]   📋 사업자 이미지 클립보드 복사 중: 고지내역_부가가치세_4991701115.png
[PM 12:05:06]   📤 사업자 이미지 붙여넣기 (Cmd+V)
[PM 12:05:10]   🖼 사업자 이미지 전송 완료: 고지내역_부가가치세_4991701115.png
[PM 12:05:10]   🚪 채팅방 닫기 (Cmd+W)
[PM 12:05:11] ✅ [14/85] "라온힐조" 전송 완료
[PM 12:05:12] 
[15/85] 락소 (768-32-01052) → 7683201052
[PM 12:05:12]   🔍 검색창 열기 (Cmd+F)
[PM 12:05:13]   ⌨️  "7683201052" 입력 중...
[PM 12:05:16]   🔎 검색 결과: 없음
[PM 12:05:16]   ⚠️  "7683201052" 검색 결과 없음, 건너뜀
[PM 12:05:16] 
[16/85] 리브릿(Leebridge) (150-22-01723) → 1502201723
[PM 12:05:16]   🔍 검색창 열기 (Cmd+F)
[PM 12:05:18]   ⌨️  "1502201723" 입력 중...
[PM 12:05:20]   🔎 검색 결과: 없음
[PM 12:05:20]   ⚠️  "1502201723" 검색 결과 없음, 건너뜀
[PM 12:05:21] 
[17/85] 리파인드 시공 (516-69-00569) → 5166900569
[PM 12:05:21]   🔍 검색창 열기 (Cmd+F)
[PM 12:05:22]   ⌨️  "5166900569" 입력 중...
[PM 12:05:24]   🔎 검색 결과: 없음
[PM 12:05:24]   ⚠️  "5166900569" 검색 결과 없음, 건너뜀
[PM 12:05:25] 
[18/85] 리화진(李化臸) (592-28-01157) → 5922801157
[PM 12:05:25]   🔍 검색창 열기 (Cmd+F)
[PM 12:05:26]   ⌨️  "5922801157" 입력 중...
[PM 12:05:28]   🔎 검색 결과: 발견
[PM 12:05:28]   📂 채팅방 열기
[PM 12:05:30]   ✉️  문구 클립보드 복사 후 붙여넣기...
[PM 12:05:32]   ✉️  문구 전송 완료
[PM 12:05:32]   🎴 카드 이미지 클립보드 복사 중: image_4ef92c41-5600-4397-914c-e430d001ba73.png
[PM 12:05:33]   📤 카드 이미지 붙여넣기 (Cmd+V)
[PM 12:05:36]   🎴 카드 이미지 전송 완료: image_4ef92c41-5600-4397-914c-e430d001ba73.png
[PM 12:05:36]   📋 사업자 이미지 클립보드 복사 중: 고지내역_부가가치세_5922801157.png
[PM 12:05:37]   📤 사업자 이미지 붙여넣기 (Cmd+V)
[PM 12:05:40]   🖼 사업자 이미지 전송 완료: 고지내역_부가가치세_5922801157.png
[PM 12:05:40]   🚪 채팅방 닫기 (Cmd+W)
[PM 12:05:41] ✅ [18/85] "리화진(李化臸)" 전송 완료
[PM 12:05:42] 
[19/85] 머니봄 (744-36-00088) → 7443600088
[PM 12:05:42]   🔍 검색창 열기 (Cmd+F)
[PM 12:05:44]   ⌨️  "7443600088" 입력 중...
[PM 12:05:46]   🔎 검색 결과: 없음
[PM 12:05:46]   ⚠️  "7443600088" 검색 결과 없음, 건너뜀
[PM 12:05:46] 
[20/85] 명동칼국수 (894-06-02235) → 8940602235
[PM 12:05:46]   🔍 검색창 열기 (Cmd+F)
[PM 12:05:48]   ⌨️  "8940602235" 입력 중...
[PM 12:05:50]   🔎 검색 결과: 발견
[PM 12:05:50]   📂 채팅방 열기
[PM 12:05:52]   ✉️  문구 클립보드 복사 후 붙여넣기...
[PM 12:05:54]   ✉️  문구 전송 완료
[PM 12:05:54]   🎴 카드 이미지 클립보드 복사 중: image_4ef92c41-5600-4397-914c-e430d001ba73.png
[PM 12:05:55]   📤 카드 이미지 붙여넣기 (Cmd+V)
[PM 12:05:59]   🎴 카드 이미지 전송 완료: image_4ef92c41-5600-4397-914c-e430d001ba73.png
[PM 12:05:59]   📋 사업자 이미지 클립보드 복사 중: 고지내역_부가가치세_8940602235.png
[PM 12:05:59]   📤 사업자 이미지 붙여넣기 (Cmd+V)
[PM 12:06:03]   🖼 사업자 이미지 전송 완료: 고지내역_부가가치세_8940602235.png
[PM 12:06:03]   🚪 채팅방 닫기 (Cmd+W)
[PM 12:06:04] ✅ [20/85] "명동칼국수" 전송 완료
[PM 12:06:05] 
[21/85] 모빌 커뮤니케이션즈 (522-41-01370) → 5224101370
[PM 12:06:05]   🔍 검색창 열기 (Cmd+F)
[PM 12:06:07]   ⌨️  "5224101370" 입력 중...
[PM 12:06:09]   🔎 검색 결과: 없음
[PM 12:06:09]   ⚠️  "5224101370" 검색 결과 없음, 건너뜀
[PM 12:06:09] 
[22/85] 미디자인 (312-24-92239) → 3122492239
[PM 12:06:09]   🔍 검색창 열기 (Cmd+F)
[PM 12:06:11]   ⌨️  "3122492239" 입력 중...
[PM 12:06:13]   🔎 검색 결과: 발견
[PM 12:06:13]   📂 채팅방 열기
[PM 12:06:14]   ✉️  문구 클립보드 복사 후 붙여넣기...
[PM 12:06:17]   ✉️  문구 전송 완료
[PM 12:06:17]   🎴 카드 이미지 클립보드 복사 중: image_4ef92c41-5600-4397-914c-e430d001ba73.png
[PM 12:06:17]   📤 카드 이미지 붙여넣기 (Cmd+V)
[PM 12:06:21]   🎴 카드 이미지 전송 완료: image_4ef92c41-5600-4397-914c-e430d001ba73.png
[PM 12:06:21]   📋 사업자 이미지 클립보드 복사 중: 고지내역_부가가치세_3122492239.png
[PM 12:06:22]   📤 사업자 이미지 붙여넣기 (Cmd+V)
[PM 12:06:26]   🖼 사업자 이미지 전송 완료: 고지내역_부가가치세_3122492239.png
[PM 12:06:26]   🚪 채팅방 닫기 (Cmd+W)
[PM 12:06:26] ✅ [22/85] "미디자인" 전송 완료
[PM 12:06:28] 
[23/85] 미래개발 (430-16-00935) → 4301600935
[PM 12:06:28]   🔍 검색창 열기 (Cmd+F)
[PM 12:06:29]   ⌨️  "4301600935" 입력 중...
[PM 12:06:31]   🔎 검색 결과: 없음
[PM 12:06:31]   ⚠️  "4301600935" 검색 결과 없음, 건너뜀
[PM 12:06:32] 
[24/85] 바인드테크 (804-07-02694) → 8040702694
[PM 12:06:32]   🔍 검색창 열기 (Cmd+F)
[PM 12:06:33]   ⌨️  "8040702694" 입력 중...
[PM 12:06:35]   🔎 검색 결과: 없음
[PM 12:06:35]   ⚠️  "8040702694" 검색 결과 없음, 건너뜀
[PM 12:06:36] 
[25/85] 벨릿 스튜디오 (VELIT STUDIO) (796-75-00434) → 7967500434
[PM 12:06:36]   🔍 검색창 열기 (Cmd+F)
[PM 12:06:37]   ⌨️  "7967500434" 입력 중...
[PM 12:06:39]   🔎 검색 결과: 없음
[PM 12:06:39]   ⚠️  "7967500434" 검색 결과 없음, 건너뜀
[PM 12:06:40] 
[26/85] 보성리742번지 (634-17-01703) → 6341701703
[PM 12:06:40]   🔍 검색창 열기 (Cmd+F)
[PM 12:06:41]   ⌨️  "6341701703" 입력 중...
[PM 12:06:44]   🔎 검색 결과: 없음
[PM 12:06:44]   ⚠️  "6341701703" 검색 결과 없음, 건너뜀
[PM 12:06:44] 
[27/85] 보스참치 천안쌍용점 (244-06-03235) → 2440603235
[PM 12:06:44]   🔍 검색창 열기 (Cmd+F)
[PM 12:06:46]   ⌨️  "2440603235" 입력 중...
[PM 12:06:48]   🔎 검색 결과: 발견
[PM 12:06:48]   📂 채팅방 열기
[PM 12:06:49]   ✉️  문구 클립보드 복사 후 붙여넣기...
[PM 12:06:52]   ✉️  문구 전송 완료
[PM 12:06:52]   🎴 카드 이미지 클립보드 복사 중: image_4ef92c41-5600-4397-914c-e430d001ba73.png
[PM 12:06:52]   📤 카드 이미지 붙여넣기 (Cmd+V)
[PM 12:06:56]   🎴 카드 이미지 전송 완료: image_4ef92c41-5600-4397-914c-e430d001ba73.png
[PM 12:06:56]   📋 사업자 이미지 클립보드 복사 중: 고지내역_부가가치세_2440603235.png
[PM 12:06:57]   📤 사업자 이미지 붙여넣기 (Cmd+V)
[PM 12:07:01]   🖼 사업자 이미지 전송 완료: 고지내역_부가가치세_2440603235.png
[PM 12:07:01]   🚪 채팅방 닫기 (Cmd+W)
[PM 12:07:01] ✅ [27/85] "보스참치 천안쌍용점" 전송 완료
[PM 12:07:03] 
[28/85] 봄 엔터테인먼트 (758-58-00361) → 7585800361
[PM 12:07:03]   🔍 검색창 열기 (Cmd+F)
[PM 12:07:04]   ⌨️  "7585800361" 입력 중...
[PM 12:07:06]   🔎 검색 결과: 없음
[PM 12:07:06]   ⚠️  "7585800361" 검색 결과 없음, 건너뜀
[PM 12:07:07] 
[29/85] 비비안나라 (106-54-17549) → 1065417549
[PM 12:07:07]   🔍 검색창 열기 (Cmd+F)
[PM 12:07:08]   ⌨️  "1065417549" 입력 중...
[PM 12:07:10]   🔎 검색 결과: 발견
[PM 12:07:10]   📂 채팅방 열기
[PM 12:07:12]   ✉️  문구 클립보드 복사 후 붙여넣기...
[PM 12:07:14]   ✉️  문구 전송 완료
[PM 12:07:14]   🎴 카드 이미지 클립보드 복사 중: image_4ef92c41-5600-4397-914c-e430d001ba73.png
[PM 12:07:15]   📤 카드 이미지 붙여넣기 (Cmd+V)
[PM 12:07:18]   🎴 카드 이미지 전송 완료: image_4ef92c41-5600-4397-914c-e430d001ba73.png
[PM 12:07:18]   📋 사업자 이미지 클립보드 복사 중: 고지내역_부가가치세_1065417549.png
[PM 12:07:19]   📤 사업자 이미지 붙여넣기 (Cmd+V)
[PM 12:07:22]   🖼 사업자 이미지 전송 완료: 고지내역_부가가치세_1065417549.png
[PM 12:07:22]   🚪 채팅방 닫기 (Cmd+W)
[PM 12:07:23] ✅ [29/85] "비비안나라" 전송 완료
[PM 12:07:24] 
[30/85] 비에비스타 (690-20-01381) → 6902001381
[PM 12:07:24]   🔍 검색창 열기 (Cmd+F)
[PM 12:07:25]   ⌨️  "6902001381" 입력 중...
[PM 12:07:27]   🔎 검색 결과: 없음
[PM 12:07:27]   ⚠️  "6902001381" 검색 결과 없음, 건너뜀
[PM 12:07:28] 
[31/85] 비에이치씨(bhc) 고성간성점 (588-45-00267) → 5884500267
[PM 12:07:28]   🔍 검색창 열기 (Cmd+F)
[PM 12:07:29]   ⌨️  "5884500267" 입력 중...
[PM 12:07:31]   🔎 검색 결과: 발견
[PM 12:07:31]   📂 채팅방 열기
[PM 12:07:33]   ✉️  문구 클립보드 복사 후 붙여넣기...
[PM 12:07:36]   ✉️  문구 전송 완료
[PM 12:07:36]   🎴 카드 이미지 클립보드 복사 중: image_4ef92c41-5600-4397-914c-e430d001ba73.png
[PM 12:07:36]   📤 카드 이미지 붙여넣기 (Cmd+V)
[PM 12:07:40]   🎴 카드 이미지 전송 완료: image_4ef92c41-5600-4397-914c-e430d001ba73.png
[PM 12:07:40]   📋 사업자 이미지 클립보드 복사 중: 고지내역_부가가치세_5884500267.png
[PM 12:07:41]   📤 사업자 이미지 붙여넣기 (Cmd+V)
[PM 12:07:45]   🖼 사업자 이미지 전송 완료: 고지내역_부가가치세_5884500267.png
[PM 12:07:45]   🚪 채팅방 닫기 (Cmd+W)
[PM 12:07:45] ✅ [31/85] "비에이치씨(bhc) 고성간성점" 전송 완료
[PM 12:07:47] 
[32/85] 빈 (365-14-02445) → 3651402445
[PM 12:07:47]   🔍 검색창 열기 (Cmd+F)
[PM 12:07:48]   ⌨️  "3651402445" 입력 중...
[PM 12:07:50]   🔎 검색 결과: 없음
[PM 12:07:50]   ⚠️  "3651402445" 검색 결과 없음, 건너뜀
[PM 12:07:51] 
[33/85] 사람과 공간 (812-32-01626) → 8123201626
[PM 12:07:51]   🔍 검색창 열기 (Cmd+F)
[PM 12:07:52]   ⌨️  "8123201626" 입력 중...
[PM 12:07:55]   🔎 검색 결과: 없음
[PM 12:07:55]   ⚠️  "8123201626" 검색 결과 없음, 건너뜀
[PM 12:07:55] 
[34/85] 사랑해결사 솔로문 (470-17-02511) → 4701702511
[PM 12:07:55]   🔍 검색창 열기 (Cmd+F)
[PM 12:07:57]   ⌨️  "4701702511" 입력 중...
[PM 12:07:59]   🔎 검색 결과: 없음
[PM 12:07:59]   ⚠️  "4701702511" 검색 결과 없음, 건너뜀
[PM 12:07:59] 
[35/85] 샌드위치 날에 (629-28-01518) → 6292801518
[PM 12:07:59]   🔍 검색창 열기 (Cmd+F)
[PM 12:08:01]   ⌨️  "6292801518" 입력 중...
[PM 12:08:03]   🔎 검색 결과: 없음
[PM 12:08:03]   ⚠️  "6292801518" 검색 결과 없음, 건너뜀
[PM 12:08:04] 
[36/85] 서일건기 (224-06-78810) → 2240678810
[PM 12:08:04]   🔍 검색창 열기 (Cmd+F)
[PM 12:08:05]   ⌨️  "2240678810" 입력 중...
[PM 12:08:07]   🔎 검색 결과: 없음
[PM 12:08:07]   ⚠️  "2240678810" 검색 결과 없음, 건너뜀
[PM 12:08:08] 
[37/85] 소나무 경영지도센터 (479-05-03208) → 4790503208
[PM 12:08:08]   🔍 검색창 열기 (Cmd+F)
[PM 12:08:09]   ⌨️  "4790503208" 입력 중...
[PM 12:08:11]   🔎 검색 결과: 없음
[PM 12:08:11]   ⚠️  "4790503208" 검색 결과 없음, 건너뜀
[PM 12:08:12] 
[38/85] 시온LED (358-34-00694) → 3583400694
[PM 12:08:12]   🔍 검색창 열기 (Cmd+F)
[PM 12:08:13]   ⌨️  "3583400694" 입력 중...
[PM 12:08:15]   🔎 검색 결과: 없음
[PM 12:08:15]   ⚠️  "3583400694" 검색 결과 없음, 건너뜀
[PM 12:08:16] 
[39/85] 시원클린 (522-16-02566) → 5221602566
[PM 12:08:16]   🔍 검색창 열기 (Cmd+F)
[PM 12:08:17]   ⌨️  "5221602566" 입력 중...
[PM 12:08:20]   🔎 검색 결과: 없음
[PM 12:08:20]   ⚠️  "5221602566" 검색 결과 없음, 건너뜀
[PM 12:08:20] 
[40/85] 식조은푸드 (685-25-01614) → 6852501614
[PM 12:08:20]   🔍 검색창 열기 (Cmd+F)
[PM 12:08:22]   ⌨️  "6852501614" 입력 중...
[PM 12:08:24]   🔎 검색 결과: 없음
[PM 12:08:24]   ⚠️  "6852501614" 검색 결과 없음, 건너뜀
[PM 12:08:24] 
[41/85] 안산정보통신 (796-64-00627) → 7966400627
[PM 12:08:24]   🔍 검색창 열기 (Cmd+F)
[PM 12:08:26]   ⌨️  "7966400627" 입력 중...
[PM 12:08:28]   🔎 검색 결과: 없음
[PM 12:08:28]   ⚠️  "7966400627" 검색 결과 없음, 건너뜀
[PM 12:08:29] 
[42/85] 에버봄 (515-06-55843) → 5150655843
[PM 12:08:29]   🔍 검색창 열기 (Cmd+F)
[PM 12:08:30]   ⌨️  "5150655843" 입력 중...
[PM 12:08:32]   🔎 검색 결과: 없음
[PM 12:08:32]   ⚠️  "5150655843" 검색 결과 없음, 건너뜀
[PM 12:08:33] 
[43/85] 에스비 플랜트 (852-16-01022) → 8521601022
[PM 12:08:33]   🔍 검색창 열기 (Cmd+F)
[PM 12:08:34]   ⌨️  "8521601022" 입력 중...
[PM 12:08:36]   🔎 검색 결과: 없음
[PM 12:08:36]   ⚠️  "8521601022" 검색 결과 없음, 건너뜀
[PM 12:08:37] 
[44/85] 에이치와이엘 (469-19-02285) → 4691902285
[PM 12:08:37]   🔍 검색창 열기 (Cmd+F)
[PM 12:08:38]   ⌨️  "4691902285" 입력 중...
[PM 12:08:41]   🔎 검색 결과: 발견
[PM 12:08:41]   📂 채팅방 열기
[PM 12:08:42]   ✉️  문구 클립보드 복사 후 붙여넣기...
[PM 12:08:45]   ✉️  문구 전송 완료
[PM 12:08:45]   🎴 카드 이미지 클립보드 복사 중: image_4ef92c41-5600-4397-914c-e430d001ba73.png
[PM 12:08:45]   📤 카드 이미지 붙여넣기 (Cmd+V)
[PM 12:08:49]   🎴 카드 이미지 전송 완료: image_4ef92c41-5600-4397-914c-e430d001ba73.png
[PM 12:08:49]   📋 사업자 이미지 클립보드 복사 중: 고지내역_부가가치세_4691902285.png
[PM 12:08:50]   📤 사업자 이미지 붙여넣기 (Cmd+V)
[PM 12:08:53]   🖼 사업자 이미지 전송 완료: 고지내역_부가가치세_4691902285.png
[PM 12:08:53]   🚪 채팅방 닫기 (Cmd+W)
[PM 12:08:53] ✅ [44/85] "에이치와이엘" 전송 완료
[PM 12:08:55] 
[45/85] 에이피티 (639-11-01313) → 6391101313
[PM 12:08:55]   🔍 검색창 열기 (Cmd+F)
[PM 12:08:56]   ⌨️  "6391101313" 입력 중...
[PM 12:08:59]   🔎 검색 결과: 발견
[PM 12:08:59]   📂 채팅방 열기
[PM 12:09:00]   ✉️  문구 클립보드 복사 후 붙여넣기...
[PM 12:09:03]   ✉️  문구 전송 완료
[PM 12:09:03]   🎴 카드 이미지 클립보드 복사 중: image_4ef92c41-5600-4397-914c-e430d001ba73.png
[PM 12:09:03]   📤 카드 이미지 붙여넣기 (Cmd+V)
[PM 12:09:07]   🎴 카드 이미지 전송 완료: image_4ef92c41-5600-4397-914c-e430d001ba73.png
[PM 12:09:07]   📋 사업자 이미지 클립보드 복사 중: 고지내역_부가가치세_6391101313.png
[PM 12:09:07]   📤 사업자 이미지 붙여넣기 (Cmd+V)
[PM 12:09:11]   🖼 사업자 이미지 전송 완료: 고지내역_부가가치세_6391101313.png
[PM 12:09:11]   🚪 채팅방 닫기 (Cmd+W)
[PM 12:09:12] ✅ [45/85] "에이피티" 전송 완료
[PM 12:09:13] 
[46/85] 엘리트산업 (312-19-58464) → 3121958464
[PM 12:09:13]   🔍 검색창 열기 (Cmd+F)
[PM 12:09:14]   ⌨️  "3121958464" 입력 중...
[PM 12:09:17]   🔎 검색 결과: 발견
[PM 12:09:17]   📂 채팅방 열기
[PM 12:09:18]   ✉️  문구 클립보드 복사 후 붙여넣기...
[PM 12:09:21]   ✉️  문구 전송 완료
[PM 12:09:21]   🎴 카드 이미지 클립보드 복사 중: image_4ef92c41-5600-4397-914c-e430d001ba73.png
[PM 12:09:21]   📤 카드 이미지 붙여넣기 (Cmd+V)
[PM 12:09:25]   🎴 카드 이미지 전송 완료: image_4ef92c41-5600-4397-914c-e430d001ba73.png
[PM 12:09:25]   📋 사업자 이미지 클립보드 복사 중: 고지내역_부가가치세_3121958464.png
[PM 12:09:26]   📤 사업자 이미지 붙여넣기 (Cmd+V)
[PM 12:09:29]   🖼 사업자 이미지 전송 완료: 고지내역_부가가치세_3121958464.png
[PM 12:09:29]   🚪 채팅방 닫기 (Cmd+W)
[PM 12:09:30] ✅ [46/85] "엘리트산업" 전송 완료
[PM 12:09:31] 
[47/85] 역사나래 (150-36-00401) → 1503600401
[PM 12:09:31]   🔍 검색창 열기 (Cmd+F)
[PM 12:09:33]   ⌨️  "1503600401" 입력 중...
[PM 12:09:35]   🔎 검색 결과: 발견
[PM 12:09:35]   📂 채팅방 열기
[PM 12:09:36]   ✉️  문구 클립보드 복사 후 붙여넣기...
[PM 12:09:39]   ✉️  문구 전송 완료
[PM 12:09:39]   🎴 카드 이미지 클립보드 복사 중: image_4ef92c41-5600-4397-914c-e430d001ba73.png
[PM 12:09:40]   📤 카드 이미지 붙여넣기 (Cmd+V)
[PM 12:09:44]   🎴 카드 이미지 전송 완료: image_4ef92c41-5600-4397-914c-e430d001ba73.png
[PM 12:09:44]   📋 사업자 이미지 클립보드 복사 중: 고지내역_부가가치세_1503600401.png
[PM 12:09:44]   📤 사업자 이미지 붙여넣기 (Cmd+V)
[PM 12:09:48]   🖼 사업자 이미지 전송 완료: 고지내역_부가가치세_1503600401.png
[PM 12:09:48]   🚪 채팅방 닫기 (Cmd+W)
[PM 12:09:48] ✅ [47/85] "역사나래" 전송 완료
[PM 12:09:50] 
[48/85] 영상 (859-01-02799) → 8590102799
[PM 12:09:50]   🔍 검색창 열기 (Cmd+F)
[PM 12:09:51]   ⌨️  "8590102799" 입력 중...
[PM 12:09:54]   🔎 검색 결과: 없음
[PM 12:09:54]   ⚠️  "8590102799" 검색 결과 없음, 건너뜀
[PM 12:09:54] 
[49/85] 오피씨마케팅랩(OPC Marketing-LAB) (118-39-01197) → 1183901197
[PM 12:09:54]   🔍 검색창 열기 (Cmd+F)
[PM 12:09:56]   ⌨️  "1183901197" 입력 중...
[PM 12:09:58]   🔎 검색 결과: 없음
[PM 12:09:58]   ⚠️  "1183901197" 검색 결과 없음, 건너뜀
[PM 12:09:59] 
[50/85] 왕래원 태양광발전소(1~3호기) (369-13-01553) → 3691301553
[PM 12:09:59]   🔍 검색창 열기 (Cmd+F)
[PM 12:10:00]   ⌨️  "3691301553" 입력 중...
[PM 12:10:02]   🔎 검색 결과: 없음
[PM 12:10:02]   ⚠️  "3691301553" 검색 결과 없음, 건너뜀
[PM 12:10:03] 
[51/85] 우동상회 갈산역점 (675-05-03335) → 6750503335
[PM 12:10:03]   🔍 검색창 열기 (Cmd+F)
[PM 12:10:04]   ⌨️  "6750503335" 입력 중...
[PM 12:10:06]   🔎 검색 결과: 발견
[PM 12:10:06]   📂 채팅방 열기
[PM 12:10:08]   ✉️  문구 클립보드 복사 후 붙여넣기...
[PM 12:10:10]   ✉️  문구 전송 완료
[PM 12:10:10]   🎴 카드 이미지 클립보드 복사 중: image_4ef92c41-5600-4397-914c-e430d001ba73.png
[PM 12:10:11]   📤 카드 이미지 붙여넣기 (Cmd+V)
[PM 12:10:15]   🎴 카드 이미지 전송 완료: image_4ef92c41-5600-4397-914c-e430d001ba73.png
[PM 12:10:15]   📋 사업자 이미지 클립보드 복사 중: 고지내역_부가가치세_6750503335.png
[PM 12:10:15]   📤 사업자 이미지 붙여넣기 (Cmd+V)
[PM 12:10:19]   🖼 사업자 이미지 전송 완료: 고지내역_부가가치세_6750503335.png
[PM 12:10:19]   🚪 채팅방 닫기 (Cmd+W)
[PM 12:10:20] ✅ [51/85] "우동상회 갈산역점" 전송 완료
[PM 12:10:21] 
[52/85] 우수비즈파트너스 (719-22-02050) → 7192202050
[PM 12:10:21]   🔍 검색창 열기 (Cmd+F)
[PM 12:10:22]   ⌨️  "7192202050" 입력 중...
[PM 12:10:25]   🔎 검색 결과: 없음
[PM 12:10:25]   ⚠️  "7192202050" 검색 결과 없음, 건너뜀
[PM 12:10:25] 
[53/85] 우찬 출동 (740-05-03323) → 7400503323
[PM 12:10:25]   🔍 검색창 열기 (Cmd+F)
[PM 12:10:26]   ⌨️  "7400503323" 입력 중...
[PM 12:10:29]   🔎 검색 결과: 없음
[PM 12:10:29]   ⚠️  "7400503323" 검색 결과 없음, 건너뜀
[PM 12:10:29] 
[54/85] 원웨이(ONEWAY) (420-49-00391) → 4204900391
[PM 12:10:29]   🔍 검색창 열기 (Cmd+F)
[PM 12:10:31]   ⌨️  "4204900391" 입력 중...
[PM 12:10:33]   🔎 검색 결과: 발견
[PM 12:10:33]   📂 채팅방 열기
[PM 12:10:34]   ✉️  문구 클립보드 복사 후 붙여넣기...
[PM 12:10:37]   ✉️  문구 전송 완료
[PM 12:10:37]   🎴 카드 이미지 클립보드 복사 중: image_4ef92c41-5600-4397-914c-e430d001ba73.png
[PM 12:10:37]   📤 카드 이미지 붙여넣기 (Cmd+V)
[PM 12:10:41]   🎴 카드 이미지 전송 완료: image_4ef92c41-5600-4397-914c-e430d001ba73.png
[PM 12:10:41]   📋 사업자 이미지 클립보드 복사 중: 고지내역_부가가치세_4204900391.png
[PM 12:10:42]   📤 사업자 이미지 붙여넣기 (Cmd+V)
[PM 12:10:46]   🖼 사업자 이미지 전송 완료: 고지내역_부가가치세_4204900391.png
[PM 12:10:46]   🚪 채팅방 닫기 (Cmd+W)
[PM 12:10:46] ✅ [54/85] "원웨이(ONEWAY)" 전송 완료
[PM 12:10:48] 
[55/85] 이름없음 (129-23-87059) → 1292387059
[PM 12:10:48]   🔍 검색창 열기 (Cmd+F)
[PM 12:10:49]   ⌨️  "1292387059" 입력 중...
[PM 12:10:51]   🔎 검색 결과: 없음
[PM 12:10:51]   ⚠️  "1292387059" 검색 결과 없음, 건너뜀
[PM 12:10:52] 
[56/85] 이름없음 (140-03-88493) → 1400388493
[PM 12:10:52]   🔍 검색창 열기 (Cmd+F)
[PM 12:10:53]   ⌨️  "1400388493" 입력 중...
[PM 12:10:56]   🔎 검색 결과: 없음
[PM 12:10:56]   ⚠️  "1400388493" 검색 결과 없음, 건너뜀
[PM 12:10:56] 
[57/85] 이름없음 (522-02-00071) → 5220200071
[PM 12:10:56]   🔍 검색창 열기 (Cmd+F)
[PM 12:10:58]   ⌨️  "5220200071" 입력 중...
[PM 12:11:00]   🔎 검색 결과: 없음
[PM 12:11:00]   ⚠️  "5220200071" 검색 결과 없음, 건너뜀
[PM 12:11:00] 
[58/85] 이름없음 (616-40-01305) → 6164001305
[PM 12:11:00]   🔍 검색창 열기 (Cmd+F)
[PM 12:11:02]   ⌨️  "6164001305" 입력 중...
[PM 12:11:04]   🔎 검색 결과: 없음
[PM 12:11:04]   ⚠️  "6164001305" 검색 결과 없음, 건너뜀
[PM 12:11:05] 
[59/85] 이름없음 (686-26-00503) → 6862600503
[PM 12:11:05]   🔍 검색창 열기 (Cmd+F)
[PM 12:11:06]   ⌨️  "6862600503" 입력 중...
[PM 12:11:08]   🔎 검색 결과: 없음
[PM 12:11:08]   ⚠️  "6862600503" 검색 결과 없음, 건너뜀
[PM 12:11:09] 
[60/85] 이음 (779-55-00580) → 7795500580
[PM 12:11:09]   🔍 검색창 열기 (Cmd+F)
[PM 12:11:10]   ⌨️  "7795500580" 입력 중...
[PM 12:11:12]   🔎 검색 결과: 없음
[PM 12:11:12]   ⚠️  "7795500580" 검색 결과 없음, 건너뜀
[PM 12:11:13] 
[61/85] 자갈자갈 (808-42-01096) → 8084201096
[PM 12:11:13]   🔍 검색창 열기 (Cmd+F)
[PM 12:11:14]   ⌨️  "8084201096" 입력 중...
[PM 12:11:17]   🔎 검색 결과: 발견
[PM 12:11:17]   📂 채팅방 열기
[PM 12:11:18]   ✉️  문구 클립보드 복사 후 붙여넣기...
[PM 12:11:21]   ✉️  문구 전송 완료
[PM 12:11:21]   🎴 카드 이미지 클립보드 복사 중: image_4ef92c41-5600-4397-914c-e430d001ba73.png
[PM 12:11:21]   📤 카드 이미지 붙여넣기 (Cmd+V)
[PM 12:11:25]   🎴 카드 이미지 전송 완료: image_4ef92c41-5600-4397-914c-e430d001ba73.png
[PM 12:11:25]   📋 사업자 이미지 클립보드 복사 중: 고지내역_부가가치세_8084201096.png
[PM 12:11:26]   📤 사업자 이미지 붙여넣기 (Cmd+V)
[PM 12:11:29]   🖼 사업자 이미지 전송 완료: 고지내역_부가가치세_8084201096.png
[PM 12:11:29]   🚪 채팅방 닫기 (Cmd+W)
[PM 12:11:30] ✅ [61/85] "자갈자갈" 전송 완료
[PM 12:11:31] 
[62/85] 제이에이치컴퍼니 (463-20-01421) → 4632001421
[PM 12:11:31]   🔍 검색창 열기 (Cmd+F)
[PM 12:11:33]   ⌨️  "4632001421" 입력 중...
[PM 12:11:35]   🔎 검색 결과: 발견
[PM 12:11:35]   📂 채팅방 열기
[PM 12:11:36]   ✉️  문구 클립보드 복사 후 붙여넣기...
[PM 12:11:39]   ✉️  문구 전송 완료
[PM 12:11:39]   🎴 카드 이미지 클립보드 복사 중: image_4ef92c41-5600-4397-914c-e430d001ba73.png
[PM 12:11:40]   📤 카드 이미지 붙여넣기 (Cmd+V)
[PM 12:11:43]   🎴 카드 이미지 전송 완료: image_4ef92c41-5600-4397-914c-e430d001ba73.png
[PM 12:11:43]   📋 사업자 이미지 클립보드 복사 중: 고지내역_부가가치세_4632001421.png
[PM 12:11:44]   📤 사업자 이미지 붙여넣기 (Cmd+V)
[PM 12:11:48]   🖼 사업자 이미지 전송 완료: 고지내역_부가가치세_4632001421.png
[PM 12:11:48]   🚪 채팅방 닫기 (Cmd+W)
[PM 12:11:48] ✅ [62/85] "제이에이치컴퍼니" 전송 완료
[PM 12:11:50] 
[63/85] 주식회사 깜촌 (719-87-03344) → 7198703344
[PM 12:11:50]   🔍 검색창 열기 (Cmd+F)
[PM 12:11:51]   ⌨️  "7198703344" 입력 중...
[PM 12:11:54]   🔎 검색 결과: 발견
[PM 12:11:54]   📂 채팅방 열기
[PM 12:11:55]   ✉️  문구 클립보드 복사 후 붙여넣기...
[PM 12:11:58]   ✉️  문구 전송 완료
[PM 12:11:58]   🎴 카드 이미지 클립보드 복사 중: image_4ef92c41-5600-4397-914c-e430d001ba73.png
[PM 12:11:58]   📤 카드 이미지 붙여넣기 (Cmd+V)
[PM 12:12:02]   🎴 카드 이미지 전송 완료: image_4ef92c41-5600-4397-914c-e430d001ba73.png
[PM 12:12:02]   📋 사업자 이미지 클립보드 복사 중: 고지내역_부가가치세_7198703344.png
[PM 12:12:02]   📤 사업자 이미지 붙여넣기 (Cmd+V)
[PM 12:12:06]   🖼 사업자 이미지 전송 완료: 고지내역_부가가치세_7198703344.png
[PM 12:12:06]   🚪 채팅방 닫기 (Cmd+W)
[PM 12:12:06] ✅ [63/85] "주식회사 깜촌" 전송 완료
[PM 12:12:08] 
[64/85] 주식회사 농어촌미래연구원 (718-81-03368) → 7188103368
[PM 12:12:08]   🔍 검색창 열기 (Cmd+F)
[PM 12:12:09]   ⌨️  "7188103368" 입력 중...
[PM 12:12:11]   🔎 검색 결과: 발견
[PM 12:12:11]   📂 채팅방 열기
[PM 12:12:13]   ✉️  문구 클립보드 복사 후 붙여넣기...
[PM 12:12:15]   ✉️  문구 전송 완료
[PM 12:12:15]   🎴 카드 이미지 클립보드 복사 중: image_4ef92c41-5600-4397-914c-e430d001ba73.png
[PM 12:12:16]   📤 카드 이미지 붙여넣기 (Cmd+V)
[PM 12:12:19]   🎴 카드 이미지 전송 완료: image_4ef92c41-5600-4397-914c-e430d001ba73.png
[PM 12:12:19]   📋 사업자 이미지 클립보드 복사 중: 고지내역_부가가치세_7188103368.png
[PM 12:12:20]   📤 사업자 이미지 붙여넣기 (Cmd+V)
[PM 12:12:24]   🖼 사업자 이미지 전송 완료: 고지내역_부가가치세_7188103368.png
[PM 12:12:24]   🚪 채팅방 닫기 (Cmd+W)
[PM 12:12:25] ✅ [64/85] "주식회사 농어촌미래연구원" 전송 완료
[PM 12:12:27] 
[65/85] 주식회사 디케이티솔루션 (353-81-03860) → 3538103860
[PM 12:12:27]   🔍 검색창 열기 (Cmd+F)
[PM 12:12:28]   ⌨️  "3538103860" 입력 중...
[PM 12:12:30]   🔎 검색 결과: 발견
[PM 12:12:30]   📂 채팅방 열기
[PM 12:12:32]   ✉️  문구 클립보드 복사 후 붙여넣기...
[PM 12:12:34]   ✉️  문구 전송 완료
[PM 12:12:34]   🎴 카드 이미지 클립보드 복사 중: image_4ef92c41-5600-4397-914c-e430d001ba73.png
[PM 12:12:35]   📤 카드 이미지 붙여넣기 (Cmd+V)
[PM 12:12:39]   🎴 카드 이미지 전송 완료: image_4ef92c41-5600-4397-914c-e430d001ba73.png
[PM 12:12:39]   📋 사업자 이미지 클립보드 복사 중: 고지내역_부가가치세_3538103860.png
[PM 12:12:39]   📤 사업자 이미지 붙여넣기 (Cmd+V)
[PM 12:12:43]   🖼 사업자 이미지 전송 완료: 고지내역_부가가치세_3538103860.png
[PM 12:12:43]   🚪 채팅방 닫기 (Cmd+W)
[PM 12:12:44] ✅ [65/85] "주식회사 디케이티솔루션" 전송 완료
[PM 12:12:45] 
[66/85] 주식회사 바이오프랑 (196-81-03398) → 1968103398
[PM 12:12:45]   🔍 검색창 열기 (Cmd+F)
[PM 12:12:47]   ⌨️  "1968103398" 입력 중...
[PM 12:12:49]   🔎 검색 결과: 발견
[PM 12:12:49]   📂 채팅방 열기
[PM 12:12:50]   ✉️  문구 클립보드 복사 후 붙여넣기...
[PM 12:12:53]   ✉️  문구 전송 완료
[PM 12:12:53]   🎴 카드 이미지 클립보드 복사 중: image_4ef92c41-5600-4397-914c-e430d001ba73.png
[PM 12:12:53]   📤 카드 이미지 붙여넣기 (Cmd+V)
[PM 12:12:57]   🎴 카드 이미지 전송 완료: image_4ef92c41-5600-4397-914c-e430d001ba73.png
[PM 12:12:57]   📋 사업자 이미지 클립보드 복사 중: 고지내역_부가가치세_1968103398.png
[PM 12:12:58]   📤 사업자 이미지 붙여넣기 (Cmd+V)
[PM 12:13:01]   🖼 사업자 이미지 전송 완료: 고지내역_부가가치세_1968103398.png
[PM 12:13:01]   🚪 채팅방 닫기 (Cmd+W)
[PM 12:13:02] ✅ [66/85] "주식회사 바이오프랑" 전송 완료
[PM 12:13:03] 
[67/85] 주식회사 유담 (623-87-03500) → 6238703500
[PM 12:13:03]   🔍 검색창 열기 (Cmd+F)
[PM 12:13:05]   ⌨️  "6238703500" 입력 중...
[PM 12:13:07]   🔎 검색 결과: 없음
[PM 12:13:07]   ⚠️  "6238703500" 검색 결과 없음, 건너뜀
[PM 12:13:08] 
[68/85] 주식회사 의림기획 (689-81-03416) → 6898103416
[PM 12:13:08]   🔍 검색창 열기 (Cmd+F)
[PM 12:13:09]   ⌨️  "6898103416" 입력 중...
[PM 12:13:11]   🔎 검색 결과: 없음
[PM 12:13:11]   ⚠️  "6898103416" 검색 결과 없음, 건너뜀
[PM 12:13:12] 
[69/85] 진유당 (389-49-00620) → 3894900620
[PM 12:13:12]   🔍 검색창 열기 (Cmd+F)
[PM 12:13:13]   ⌨️  "3894900620" 입력 중...
[PM 12:13:15]   🔎 검색 결과: 발견
[PM 12:13:15]   📂 채팅방 열기
[PM 12:13:17]   ✉️  문구 클립보드 복사 후 붙여넣기...
[PM 12:13:19]   ✉️  문구 전송 완료
[PM 12:13:19]   🎴 카드 이미지 클립보드 복사 중: image_4ef92c41-5600-4397-914c-e430d001ba73.png
[PM 12:13:20]   📤 카드 이미지 붙여넣기 (Cmd+V)
[PM 12:13:24]   🎴 카드 이미지 전송 완료: image_4ef92c41-5600-4397-914c-e430d001ba73.png
[PM 12:13:24]   📋 사업자 이미지 클립보드 복사 중: 고지내역_부가가치세_3894900620.png
[PM 12:13:24]   📤 사업자 이미지 붙여넣기 (Cmd+V)
[PM 12:13:28]   🖼 사업자 이미지 전송 완료: 고지내역_부가가치세_3894900620.png
[PM 12:13:28]   🚪 채팅방 닫기 (Cmd+W)
[PM 12:13:29] ✅ [69/85] "진유당" 전송 완료
[PM 12:13:30] 
[70/85] 진품마케팅 X ATD (851-17-01934) → 8511701934
[PM 12:13:30]   🔍 검색창 열기 (Cmd+F)
[PM 12:13:31]   ⌨️  "8511701934" 입력 중...
[PM 12:13:33]   🔎 검색 결과: 없음
[PM 12:13:33]   ⚠️  "8511701934" 검색 결과 없음, 건너뜀
[PM 12:13:34] 
[71/85] 째주도 (272-04-02222) → 2720402222
[PM 12:13:34]   🔍 검색창 열기 (Cmd+F)
[PM 12:13:35]   ⌨️  "2720402222" 입력 중...
[PM 12:13:37]   🔎 검색 결과: 없음
[PM 12:13:37]   ⚠️  "2720402222" 검색 결과 없음, 건너뜀
[PM 12:13:38] 
[72/85] 청년주점 (133-10-24811) → 1331024811
[PM 12:13:38]   🔍 검색창 열기 (Cmd+F)
[PM 12:13:39]   ⌨️  "1331024811" 입력 중...
[PM 12:13:42]   🔎 검색 결과: 발견
[PM 12:13:42]   📂 채팅방 열기
[PM 12:13:43]   ✉️  문구 클립보드 복사 후 붙여넣기...
[PM 12:13:46]   ✉️  문구 전송 완료
[PM 12:13:46]   🎴 카드 이미지 클립보드 복사 중: image_4ef92c41-5600-4397-914c-e430d001ba73.png
[PM 12:13:46]   📤 카드 이미지 붙여넣기 (Cmd+V)
[PM 12:13:50]   🎴 카드 이미지 전송 완료: image_4ef92c41-5600-4397-914c-e430d001ba73.png
[PM 12:13:50]   📋 사업자 이미지 클립보드 복사 중: 고지내역_부가가치세_1331024811.png
[PM 12:13:51]   📤 사업자 이미지 붙여넣기 (Cmd+V)
[PM 12:13:55]   🖼 사업자 이미지 전송 완료: 고지내역_부가가치세_1331024811.png
[PM 12:13:55]   🚪 채팅방 닫기 (Cmd+W)
[PM 12:13:55] ✅ [72/85] "청년주점" 전송 완료
[PM 12:13:56] 
[73/85] 청솔장어 (127-47-15026) → 1274715026
[PM 12:13:56]   🔍 검색창 열기 (Cmd+F)
[PM 12:13:58]   ⌨️  "1274715026" 입력 중...
[PM 12:14:00]   🔎 검색 결과: 없음
[PM 12:14:00]   ⚠️  "1274715026" 검색 결과 없음, 건너뜀
[PM 12:14:01] 
[74/85] 춘천주니어골프아카데미 (385-63-00740) → 3856300740
[PM 12:14:01]   🔍 검색창 열기 (Cmd+F)
[PM 12:14:02]   ⌨️  "3856300740" 입력 중...
[PM 12:14:04]   🔎 검색 결과: 발견
[PM 12:14:04]   📂 채팅방 열기
[PM 12:14:06]   ✉️  문구 클립보드 복사 후 붙여넣기...
[PM 12:14:08]   ✉️  문구 전송 완료
[PM 12:14:08]   🎴 카드 이미지 클립보드 복사 중: image_4ef92c41-5600-4397-914c-e430d001ba73.png
[PM 12:14:09]   📤 카드 이미지 붙여넣기 (Cmd+V)
[PM 12:14:12]   🎴 카드 이미지 전송 완료: image_4ef92c41-5600-4397-914c-e430d001ba73.png
[PM 12:14:12]   📋 사업자 이미지 클립보드 복사 중: 고지내역_부가가치세_3856300740.png
[PM 12:14:13]   📤 사업자 이미지 붙여넣기 (Cmd+V)
[PM 12:14:17]   🖼 사업자 이미지 전송 완료: 고지내역_부가가치세_3856300740.png
[PM 12:14:17]   🚪 채팅방 닫기 (Cmd+W)
[PM 12:14:17] ✅ [74/85] "춘천주니어골프아카데미" 전송 완료
[PM 12:14:19] 
[75/85] 카츠온반 (778-03-01928) → 7780301928
[PM 12:14:19]   🔍 검색창 열기 (Cmd+F)
[PM 12:14:20]   ⌨️  "7780301928" 입력 중...
[PM 12:14:22]   🔎 검색 결과: 발견
[PM 12:14:22]   📂 채팅방 열기
[PM 12:14:24]   ✉️  문구 클립보드 복사 후 붙여넣기...
[PM 12:14:26]   ✉️  문구 전송 완료
[PM 12:14:26]   🎴 카드 이미지 클립보드 복사 중: image_4ef92c41-5600-4397-914c-e430d001ba73.png
[PM 12:14:27]   📤 카드 이미지 붙여넣기 (Cmd+V)
[PM 12:14:31]   🎴 카드 이미지 전송 완료: image_4ef92c41-5600-4397-914c-e430d001ba73.png
[PM 12:14:31]   📋 사업자 이미지 클립보드 복사 중: 고지내역_부가가치세_7780301928.png
[PM 12:14:31]   📤 사업자 이미지 붙여넣기 (Cmd+V)
[PM 12:14:35]   🖼 사업자 이미지 전송 완료: 고지내역_부가가치세_7780301928.png
[PM 12:14:35]   🚪 채팅방 닫기 (Cmd+W)
[PM 12:14:35] ✅ [75/85] "카츠온반" 전송 완료
[PM 12:14:36] 
[76/85] 케이&에스엔터테인먼트 (349-49-01053) → 3494901053
[PM 12:14:36]   🔍 검색창 열기 (Cmd+F)
[PM 12:14:38]   ⌨️  "3494901053" 입력 중...
[PM 12:14:40]   🔎 검색 결과: 없음
[PM 12:14:40]   ⚠️  "3494901053" 검색 결과 없음, 건너뜀
[PM 12:14:41] 
[77/85] 코드 세무회계 (306-29-93669) → 3062993669
[PM 12:14:41]   🔍 검색창 열기 (Cmd+F)
[PM 12:14:42]   ⌨️  "3062993669" 입력 중...
[PM 12:14:44]   🔎 검색 결과: 발견
[PM 12:14:44]   📂 채팅방 열기
[PM 12:14:46]   ✉️  문구 클립보드 복사 후 붙여넣기...
[PM 12:14:48]   ✉️  문구 전송 완료
[PM 12:14:48]   🎴 카드 이미지 클립보드 복사 중: image_4ef92c41-5600-4397-914c-e430d001ba73.png
[PM 12:14:49]   📤 카드 이미지 붙여넣기 (Cmd+V)
[PM 12:14:53]   🎴 카드 이미지 전송 완료: image_4ef92c41-5600-4397-914c-e430d001ba73.png
[PM 12:14:53]   📋 사업자 이미지 클립보드 복사 중: 고지내역_부가가치세_3062993669.png
[PM 12:14:54]   📤 사업자 이미지 붙여넣기 (Cmd+V)
[PM 12:14:57]   🖼 사업자 이미지 전송 완료: 고지내역_부가가치세_3062993669.png
[PM 12:14:57]   🚪 채팅방 닫기 (Cmd+W)
[PM 12:14:58] ✅ [77/85] "코드 세무회계" 전송 완료
[PM 12:15:00] 
[78/85] 킥(KiK) (262-16-02441) → 2621602441
[PM 12:15:00]   🔍 검색창 열기 (Cmd+F)
[PM 12:15:01]   ⌨️  "2621602441" 입력 중...
[PM 12:15:03]   🔎 검색 결과: 없음
[PM 12:15:03]   ⚠️  "2621602441" 검색 결과 없음, 건너뜀
[PM 12:15:04] 
[79/85] 타래파트너스 (209-30-66305) → 2093066305
[PM 12:15:04]   🔍 검색창 열기 (Cmd+F)
[PM 12:15:05]   ⌨️  "2093066305" 입력 중...
[PM 12:15:07]   🔎 검색 결과: 발견
[PM 12:15:07]   📂 채팅방 열기
[PM 12:15:09]   ✉️  문구 클립보드 복사 후 붙여넣기...
[PM 12:15:11]   ✉️  문구 전송 완료
[PM 12:15:11]   🎴 카드 이미지 클립보드 복사 중: image_4ef92c41-5600-4397-914c-e430d001ba73.png
[PM 12:15:12]   📤 카드 이미지 붙여넣기 (Cmd+V)
[PM 12:15:16]   🎴 카드 이미지 전송 완료: image_4ef92c41-5600-4397-914c-e430d001ba73.png
[PM 12:15:16]   📋 사업자 이미지 클립보드 복사 중: 고지내역_부가가치세_2093066305.png
[PM 12:15:17]   📤 사업자 이미지 붙여넣기 (Cmd+V)
[PM 12:15:20]   🖼 사업자 이미지 전송 완료: 고지내역_부가가치세_2093066305.png
[PM 12:15:20]   🚪 채팅방 닫기 (Cmd+W)
[PM 12:15:21] ✅ [79/85] "타래파트너스" 전송 완료
[PM 12:15:22] 
[80/85] 태람개발 (588-14-01281) → 5881401281
[PM 12:15:22]   🔍 검색창 열기 (Cmd+F)
[PM 12:15:23]   ⌨️  "5881401281" 입력 중...
[PM 12:15:26]   🔎 검색 결과: 발견
[PM 12:15:26]   📂 채팅방 열기
[PM 12:15:27]   ✉️  문구 클립보드 복사 후 붙여넣기...
[PM 12:15:29]   ✉️  문구 전송 완료
[PM 12:15:29]   🎴 카드 이미지 클립보드 복사 중: image_4ef92c41-5600-4397-914c-e430d001ba73.png
[PM 12:15:30]   📤 카드 이미지 붙여넣기 (Cmd+V)
[PM 12:15:33]   🎴 카드 이미지 전송 완료: image_4ef92c41-5600-4397-914c-e430d001ba73.png
[PM 12:15:33]   📋 사업자 이미지 클립보드 복사 중: 고지내역_부가가치세_5881401281.png
[PM 12:15:34]   📤 사업자 이미지 붙여넣기 (Cmd+V)
[PM 12:15:37]   🖼 사업자 이미지 전송 완료: 고지내역_부가가치세_5881401281.png
[PM 12:15:37]   🚪 채팅방 닫기 (Cmd+W)
[PM 12:15:38] ✅ [80/85] "태람개발" 전송 완료
[PM 12:15:39] 
[81/85] 팬메이드(FANMADE) (426-47-00702) → 4264700702
[PM 12:15:39]   🔍 검색창 열기 (Cmd+F)
[PM 12:15:40]   ⌨️  "4264700702" 입력 중...
[PM 12:15:42]   🔎 검색 결과: 발견
[PM 12:15:42]   📂 채팅방 열기
[PM 12:15:44]   ✉️  문구 클립보드 복사 후 붙여넣기...
[PM 12:15:47]   ✉️  문구 전송 완료
[PM 12:15:47]   🎴 카드 이미지 클립보드 복사 중: image_4ef92c41-5600-4397-914c-e430d001ba73.png
[PM 12:15:47]   📤 카드 이미지 붙여넣기 (Cmd+V)
[PM 12:15:51]   🎴 카드 이미지 전송 완료: image_4ef92c41-5600-4397-914c-e430d001ba73.png
[PM 12:15:51]   📋 사업자 이미지 클립보드 복사 중: 고지내역_부가가치세_4264700702.png
[PM 12:15:52]   📤 사업자 이미지 붙여넣기 (Cmd+V)
[PM 12:15:55]   🖼 사업자 이미지 전송 완료: 고지내역_부가가치세_4264700702.png
[PM 12:15:55]   🚪 채팅방 닫기 (Cmd+W)
[PM 12:15:56] ✅ [81/85] "팬메이드(FANMADE)" 전송 완료
[PM 12:15:57] 
[82/85] 피터패트(pitapat) (730-16-02416) → 7301602416
[PM 12:15:57]   🔍 검색창 열기 (Cmd+F)
[PM 12:15:59]   ⌨️  "7301602416" 입력 중...
[PM 12:16:01]   🔎 검색 결과: 없음
[PM 12:16:01]   ⚠️  "7301602416" 검색 결과 없음, 건너뜀
[PM 12:16:01] 
[83/85] 하랑 컴퍼니 (696-31-00862) → 6963100862
[PM 12:16:01]   🔍 검색창 열기 (Cmd+F)
[PM 12:16:03]   ⌨️  "6963100862" 입력 중...
[PM 12:16:05]   🔎 검색 결과: 발견
[PM 12:16:05]   📂 채팅방 열기
[PM 12:16:07]   ✉️  문구 클립보드 복사 후 붙여넣기...
[PM 12:16:09]   ✉️  문구 전송 완료
[PM 12:16:09]   🎴 카드 이미지 클립보드 복사 중: image_4ef92c41-5600-4397-914c-e430d001ba73.png
[PM 12:16:10]   📤 카드 이미지 붙여넣기 (Cmd+V)
[PM 12:16:14]   🎴 카드 이미지 전송 완료: image_4ef92c41-5600-4397-914c-e430d001ba73.png
[PM 12:16:14]   📋 사업자 이미지 클립보드 복사 중: 고지내역_부가가치세_6963100862.png
[PM 12:16:14]   📤 사업자 이미지 붙여넣기 (Cmd+V)
[PM 12:16:18]   🖼 사업자 이미지 전송 완료: 고지내역_부가가치세_6963100862.png
[PM 12:16:18]   🚪 채팅방 닫기 (Cmd+W)
[PM 12:16:18] ✅ [83/85] "하랑 컴퍼니" 전송 완료
[PM 12:16:19] 
[84/85] 한국산업지원센터 (739-30-01502) → 7393001502
[PM 12:16:19]   🔍 검색창 열기 (Cmd+F)
[PM 12:16:21]   ⌨️  "7393001502" 입력 중...
[PM 12:16:23]   🔎 검색 결과: 발견
[PM 12:16:23]   📂 채팅방 열기
[PM 12:16:25]   ✉️  문구 클립보드 복사 후 붙여넣기...
[PM 12:16:27]   ✉️  문구 전송 완료
[PM 12:16:27]   🎴 카드 이미지 클립보드 복사 중: image_4ef92c41-5600-4397-914c-e430d001ba73.png
[PM 12:16:28]   📤 카드 이미지 붙여넣기 (Cmd+V)
[PM 12:16:32]   🎴 카드 이미지 전송 완료: image_4ef92c41-5600-4397-914c-e430d001ba73.png
[PM 12:16:32]   📋 사업자 이미지 클립보드 복사 중: 고지내역_부가가치세_7393001502.png
[PM 12:16:32]   📤 사업자 이미지 붙여넣기 (Cmd+V)
[PM 12:16:36]   🖼 사업자 이미지 전송 완료: 고지내역_부가가치세_7393001502.png
[PM 12:16:36]   🚪 채팅방 닫기 (Cmd+W)
[PM 12:16:36] ✅ [84/85] "한국산업지원센터" 전송 완료
[PM 12:16:37] 
[85/85] 효자떡 (129-29-90217) → 1292990217
[PM 12:16:37]   🔍 검색창 열기 (Cmd+F)
[PM 12:16:39]   ⌨️  "1292990217" 입력 중...
[PM 12:16:41]   🔎 검색 결과: 발견
[PM 12:16:41]   📂 채팅방 열기
[PM 12:16:43]   ✉️  문구 클립보드 복사 후 붙여넣기...
[PM 12:16:45]   ✉️  문구 전송 완료
[PM 12:16:45]   🎴 카드 이미지 클립보드 복사 중: image_4ef92c41-5600-4397-914c-e430d001ba73.png
[PM 12:16:45]   📤 카드 이미지 붙여넣기 (Cmd+V)
[PM 12:16:49]   🎴 카드 이미지 전송 완료: image_4ef92c41-5600-4397-914c-e430d001ba73.png
[PM 12:16:49]   📋 사업자 이미지 클립보드 복사 중: 고지내역_부가가치세_1292990217.png
[PM 12:16:50]   📤 사업자 이미지 붙여넣기 (Cmd+V)
[PM 12:16:53]   🖼 사업자 이미지 전송 완료: 고지내역_부가가치세_1292990217.png
[PM 12:16:53]   🚪 채팅방 닫기 (Cmd+W)
[PM 12:16:54] ✅ [85/85] "효자떡" 전송 완료
[PM 12:16:54] 
✅ 카카오톡 전송 전체 완료 — 성공 34건 / 실패 0건 / 건너뜀 51건

================================================
 완료: 2026. 4. 8. PM 12:16:54
 소요 시간: 835초
 결과: 성공 34건 / 실패 0건 / 건너뜀 51건
================================================
