================================================
 카카오톡 전송 로그
 시작: 2026. 4. 8. PM 12:44:53
 전송 대상: 49건
 메시지: "🌸 안녕하세요, 대표님!
코드세무회계입니다.

따뜻한 봄기운이 완연한 4월입니다.
바쁜 일정 중에도 저희와 함께해주셔서
늘 감사한 마음입니다.

이번 달은 2026년 1기 부가가치세
예정고지 납부 기간입니다.

이번 고지세액은 지난 하반기 납부액의
절반을 미리 납부하시는 것으로,
추후 확정 신고 시 그만큼 차감되어
세금 부담을 덜어주는 제도입니다.

[납부 안내 사항]

✅ 납부 기한
: 4월 27일(월)까지

✅ 납부 내용
: 직전 반기 납부세액의 1/2

바쁘신 와중에 깜빡하여 가산세가
발생하지 않도록 기한 내 납부를
꼭 부탁드립니다.

오늘도 대표님의 비즈니스가
활짝 피어나는 하루가 되길 응원합니다!"
================================================
[PM 12:44:53] 📱 카카오톡 실행 중...
[PM 12:44:57] ✅ 카카오톡 실행 완료
[PM 12:44:57] 💬 채팅 목록 열기 (Cmd+2)
[PM 12:44:58] 
[1/49] (CA)경영지원연구소 (442-07-02803) → 4420702803
[PM 12:44:58]   🔍 검색창 열기 (Cmd+F)
[PM 12:45:00]   ⌨️  "4420702803" 입력 중...
[PM 12:45:02]   🔎 검색 결과: 없음
[PM 12:45:02]   ⚠️  "4420702803" 검색 결과 없음, 건너뜀
[PM 12:45:03] 
[2/49] 경회택배 (107-35-71623) → 1073571623
[PM 12:45:03]   🔍 검색창 열기 (Cmd+F)
[PM 12:45:04]   ⌨️  "1073571623" 입력 중...
[PM 12:45:06]   🔎 검색 결과: 없음
[PM 12:45:06]   ⚠️  "1073571623" 검색 결과 없음, 건너뜀
[PM 12:45:07] 
[3/49] 그리다 아이엔티(INT) (880-23-01097) → 8802301097
[PM 12:45:07]   🔍 검색창 열기 (Cmd+F)
[PM 12:45:08]   ⌨️  "8802301097" 입력 중...
[PM 12:45:11]   🔎 검색 결과: 없음
[PM 12:45:11]   ⚠️  "8802301097" 검색 결과 없음, 건너뜀
[PM 12:45:11] 
[4/49] 김충일사업 (545-62-00836) → 5456200836
[PM 12:45:11]   🔍 검색창 열기 (Cmd+F)
[PM 12:45:13]   ⌨️  "5456200836" 입력 중...
[PM 12:45:15]   🔎 검색 결과: 없음
[PM 12:45:15]   ⚠️  "5456200836" 검색 결과 없음, 건너뜀
[PM 12:45:15] 
[5/49] 다로갈비 병점점 (695-10-02969) → 6951002969
[PM 12:45:15]   🔍 검색창 열기 (Cmd+F)
[PM 12:45:17]   ⌨️  "6951002969" 입력 중...
[PM 12:45:19]   🔎 검색 결과: 없음
[PM 12:45:19]   ⚠️  "6951002969" 검색 결과 없음, 건너뜀
[PM 12:45:20] 
[6/49] 다연 (107-15-35099) → 1071535099
[PM 12:45:20]   🔍 검색창 열기 (Cmd+F)
[PM 12:45:21]   ⌨️  "1071535099" 입력 중...
[PM 12:45:23]   🔎 검색 결과: 없음
[PM 12:45:23]   ⚠️  "1071535099" 검색 결과 없음, 건너뜀
[PM 12:45:24] 
[7/49] 더베이지 (778-26-01704) → 7782601704
[PM 12:45:24]   🔍 검색창 열기 (Cmd+F)
[PM 12:45:25]   ⌨️  "7782601704" 입력 중...
[PM 12:45:27]   🔎 검색 결과: 없음
[PM 12:45:27]   ⚠️  "7782601704" 검색 결과 없음, 건너뜀
[PM 12:45:28] 
[8/49] 동해화물 (231-76-00536) → 2317600536
[PM 12:45:28]   🔍 검색창 열기 (Cmd+F)
[PM 12:45:29]   ⌨️  "2317600536" 입력 중...
[PM 12:45:32]   🔎 검색 결과: 없음
[PM 12:45:32]   ⚠️  "2317600536" 검색 결과 없음, 건너뜀
[PM 12:45:32] 
[9/49] 락소 (768-32-01052) → 7683201052
[PM 12:45:32]   🔍 검색창 열기 (Cmd+F)
[PM 12:45:33]   ⌨️  "7683201052" 입력 중...
[PM 12:45:36]   🔎 검색 결과: 없음
[PM 12:45:36]   ⚠️  "7683201052" 검색 결과 없음, 건너뜀
[PM 12:45:36] 
[10/49] 리브릿(Leebridge) (150-22-01723) → 1502201723
[PM 12:45:36]   🔍 검색창 열기 (Cmd+F)
[PM 12:45:38]   ⌨️  "1502201723" 입력 중...
[PM 12:45:40]   🔎 검색 결과: 없음
[PM 12:45:40]   ⚠️  "1502201723" 검색 결과 없음, 건너뜀
[PM 12:45:41] 
[11/49] 리파인드 시공 (516-69-00569) → 5166900569
[PM 12:45:41]   🔍 검색창 열기 (Cmd+F)
[PM 12:45:42]   ⌨️  "5166900569" 입력 중...
[PM 12:45:44]   🔎 검색 결과: 없음
[PM 12:45:44]   ⚠️  "5166900569" 검색 결과 없음, 건너뜀
[PM 12:45:45] 
[12/49] 머니봄 (744-36-00088) → 7443600088
[PM 12:45:45]   🔍 검색창 열기 (Cmd+F)
[PM 12:45:46]   ⌨️  "7443600088" 입력 중...
[PM 12:45:48]   🔎 검색 결과: 없음
[PM 12:45:48]   ⚠️  "7443600088" 검색 결과 없음, 건너뜀
[PM 12:45:49] 
[13/49] 모빌 커뮤니케이션즈 (522-41-01370) → 5224101370
[PM 12:45:49]   🔍 검색창 열기 (Cmd+F)
[PM 12:45:50]   ⌨️  "5224101370" 입력 중...
[PM 12:45:52]   🔎 검색 결과: 없음
[PM 12:45:52]   ⚠️  "5224101370" 검색 결과 없음, 건너뜀
[PM 12:45:53] 
[14/49] 미래개발 (430-16-00935) → 4301600935
[PM 12:45:53]   🔍 검색창 열기 (Cmd+F)
[PM 12:45:54]   ⌨️  "4301600935" 입력 중...
[PM 12:45:57]   🔎 검색 결과: 없음
[PM 12:45:57]   ⚠️  "4301600935" 검색 결과 없음, 건너뜀
[PM 12:45:57] 
[15/49] 바인드테크 (804-07-02694) → 8040702694
[PM 12:45:57]   🔍 검색창 열기 (Cmd+F)
[PM 12:45:59]   ⌨️  "8040702694" 입력 중...
[PM 12:46:01]   🔎 검색 결과: 없음
[PM 12:46:01]   ⚠️  "8040702694" 검색 결과 없음, 건너뜀
[PM 12:46:01] 
[16/49] 벨릿 스튜디오 (VELIT STUDIO) (796-75-00434) → 7967500434
[PM 12:46:01]   🔍 검색창 열기 (Cmd+F)
[PM 12:46:03]   ⌨️  "7967500434" 입력 중...
[PM 12:46:05]   🔎 검색 결과: 없음
[PM 12:46:05]   ⚠️  "7967500434" 검색 결과 없음, 건너뜀
[PM 12:46:06] 
[17/49] 보성리742번지 (634-17-01703) → 6341701703
[PM 12:46:06]   🔍 검색창 열기 (Cmd+F)
[PM 12:46:07]   ⌨️  "6341701703" 입력 중...
[PM 12:46:09]   🔎 검색 결과: 없음
[PM 12:46:09]   ⚠️  "6341701703" 검색 결과 없음, 건너뜀
[PM 12:46:10] 
[18/49] 봄 엔터테인먼트 (758-58-00361) → 7585800361
[PM 12:46:10]   🔍 검색창 열기 (Cmd+F)
[PM 12:46:11]   ⌨️  "7585800361" 입력 중...
[PM 12:46:13]   🔎 검색 결과: 없음
[PM 12:46:13]   ⚠️  "7585800361" 검색 결과 없음, 건너뜀
[PM 12:46:14] 
[19/49] 비에비스타 (690-20-01381) → 6902001381
[PM 12:46:14]   🔍 검색창 열기 (Cmd+F)
[PM 12:46:15]   ⌨️  "6902001381" 입력 중...
[PM 12:46:17]   🔎 검색 결과: 없음
[PM 12:46:17]   ⚠️  "6902001381" 검색 결과 없음, 건너뜀
[PM 12:46:18] 
[20/49] 빈 (365-14-02445) → 3651402445
[PM 12:46:18]   🔍 검색창 열기 (Cmd+F)
[PM 12:46:19]   ⌨️  "3651402445" 입력 중...
[PM 12:46:22]   🔎 검색 결과: 없음
[PM 12:46:22]   ⚠️  "3651402445" 검색 결과 없음, 건너뜀
[PM 12:46:22] 
[21/49] 사람과 공간 (812-32-01626) → 8123201626
[PM 12:46:22]   🔍 검색창 열기 (Cmd+F)
[PM 12:46:24]   ⌨️  "8123201626" 입력 중...
[PM 12:46:26]   🔎 검색 결과: 없음
[PM 12:46:26]   ⚠️  "8123201626" 검색 결과 없음, 건너뜀
[PM 12:46:26] 
[22/49] 사랑해결사 솔로문 (470-17-02511) → 4701702511
[PM 12:46:26]   🔍 검색창 열기 (Cmd+F)
[PM 12:46:28]   ⌨️  "4701702511" 입력 중...
[PM 12:46:30]   🔎 검색 결과: 없음
[PM 12:46:30]   ⚠️  "4701702511" 검색 결과 없음, 건너뜀
[PM 12:46:31] 
[23/49] 샌드위치 날에 (629-28-01518) → 6292801518
[PM 12:46:31]   🔍 검색창 열기 (Cmd+F)
[PM 12:46:32]   ⌨️  "6292801518" 입력 중...
[PM 12:46:34]   🔎 검색 결과: 없음
[PM 12:46:34]   ⚠️  "6292801518" 검색 결과 없음, 건너뜀
[PM 12:46:35] 
[24/49] 서일건기 (224-06-78810) → 2240678810
[PM 12:46:35]   🔍 검색창 열기 (Cmd+F)
[PM 12:46:36]   ⌨️  "2240678810" 입력 중...
[PM 12:46:38]   🔎 검색 결과: 없음
[PM 12:46:38]   ⚠️  "2240678810" 검색 결과 없음, 건너뜀
[PM 12:46:39] 
[25/49] 소나무 경영지도센터 (479-05-03208) → 4790503208
[PM 12:46:39]   🔍 검색창 열기 (Cmd+F)
[PM 12:46:40]   ⌨️  "4790503208" 입력 중...
[PM 12:46:43]   🔎 검색 결과: 발견
[PM 12:46:43]   📂 채팅방 열기
[PM 12:46:44]   ✉️  문구 클립보드 복사 후 붙여넣기...
[PM 12:46:47]   ✉️  문구 전송 완료
[PM 12:46:47]   🎴 카드 이미지 클립보드 복사 중: image_4ef92c41-5600-4397-914c-e430d001ba73.png
[PM 12:46:47]   📤 카드 이미지 붙여넣기 (Cmd+V)
[PM 12:46:51]   🎴 카드 이미지 전송 완료: image_4ef92c41-5600-4397-914c-e430d001ba73.png
[PM 12:46:51]   📋 사업자 이미지 클립보드 복사 중: 고지내역_부가가치세_4790503208.png
[PM 12:46:52]   📤 사업자 이미지 붙여넣기 (Cmd+V)
[PM 12:46:55]   🖼 사업자 이미지 전송 완료: 고지내역_부가가치세_4790503208.png
[PM 12:46:55]   🚪 채팅방 닫기 (Cmd+W)
[PM 12:46:56] ✅ [25/49] "소나무 경영지도센터" 전송 완료
[PM 12:46:58] 
[26/49] 시원클린 (522-16-02566) → 5221602566
[PM 12:46:58]   🔍 검색창 열기 (Cmd+F)
[PM 12:46:59]   ⌨️  "5221602566" 입력 중...
[PM 12:47:01]   🔎 검색 결과: 없음
[PM 12:47:01]   ⚠️  "5221602566" 검색 결과 없음, 건너뜀
[PM 12:47:02] 
[27/49] 식조은푸드 (685-25-01614) → 6852501614
[PM 12:47:02]   🔍 검색창 열기 (Cmd+F)
[PM 12:47:03]   ⌨️  "6852501614" 입력 중...
[PM 12:47:06]   🔎 검색 결과: 없음
[PM 12:47:06]   ⚠️  "6852501614" 검색 결과 없음, 건너뜀
[PM 12:47:06] 
[28/49] 안산정보통신 (796-64-00627) → 7966400627
[PM 12:47:06]   🔍 검색창 열기 (Cmd+F)
[PM 12:47:08]   ⌨️  "7966400627" 입력 중...
[PM 12:47:10]   🔎 검색 결과: 없음
[PM 12:47:10]   ⚠️  "7966400627" 검색 결과 없음, 건너뜀
[PM 12:47:10] 
[29/49] 에버봄 (515-06-55843) → 5150655843
[PM 12:47:10]   🔍 검색창 열기 (Cmd+F)
[PM 12:47:12]   ⌨️  "5150655843" 입력 중...
[PM 12:47:14]   🔎 검색 결과: 없음
[PM 12:47:14]   ⚠️  "5150655843" 검색 결과 없음, 건너뜀
[PM 12:47:15] 
[30/49] 에스비 플랜트 (852-16-01022) → 8521601022
[PM 12:47:15]   🔍 검색창 열기 (Cmd+F)
[PM 12:47:16]   ⌨️  "8521601022" 입력 중...
[PM 12:47:18]   🔎 검색 결과: 없음
[PM 12:47:18]   ⚠️  "8521601022" 검색 결과 없음, 건너뜀
[PM 12:47:19] 
[31/49] 영상 (859-01-02799) → 8590102799
[PM 12:47:19]   🔍 검색창 열기 (Cmd+F)
[PM 12:47:20]   ⌨️  "8590102799" 입력 중...
[PM 12:47:22]   🔎 검색 결과: 없음
[PM 12:47:22]   ⚠️  "8590102799" 검색 결과 없음, 건너뜀
[PM 12:47:23] 
[32/49] 오피씨마케팅랩(OPC Marketing-LAB) (118-39-01197) → 1183901197
[PM 12:47:23]   🔍 검색창 열기 (Cmd+F)
[PM 12:47:24]   ⌨️  "1183901197" 입력 중...
[PM 12:47:26]   🔎 검색 결과: 없음
[PM 12:47:26]   ⚠️  "1183901197" 검색 결과 없음, 건너뜀
[PM 12:47:27] 
[33/49] 왕래원 태양광발전소(1~3호기) (369-13-01553) → 3691301553
[PM 12:47:27]   🔍 검색창 열기 (Cmd+F)
[PM 12:47:28]   ⌨️  "3691301553" 입력 중...
[PM 12:47:31]   🔎 검색 결과: 없음
[PM 12:47:31]   ⚠️  "3691301553" 검색 결과 없음, 건너뜀
[PM 12:47:31] 
[34/49] 우수비즈파트너스 (719-22-02050) → 7192202050
[PM 12:47:31]   🔍 검색창 열기 (Cmd+F)
[PM 12:47:33]   ⌨️  "7192202050" 입력 중...
[PM 12:47:35]   🔎 검색 결과: 없음
[PM 12:47:35]   ⚠️  "7192202050" 검색 결과 없음, 건너뜀
[PM 12:47:35] 
[35/49] 우찬 출동 (740-05-03323) → 7400503323
[PM 12:47:35]   🔍 검색창 열기 (Cmd+F)
[PM 12:47:37]   ⌨️  "7400503323" 입력 중...
[PM 12:47:39]   🔎 검색 결과: 없음
[PM 12:47:39]   ⚠️  "7400503323" 검색 결과 없음, 건너뜀
[PM 12:47:40] 
[36/49] 이름없음 (129-23-87059) → 1292387059
[PM 12:47:40]   🔍 검색창 열기 (Cmd+F)
[PM 12:47:41]   ⌨️  "1292387059" 입력 중...
[PM 12:47:43]   🔎 검색 결과: 없음
[PM 12:47:43]   ⚠️  "1292387059" 검색 결과 없음, 건너뜀
[PM 12:47:44] 
[37/49] 이름없음 (140-03-88493) → 1400388493
[PM 12:47:44]   🔍 검색창 열기 (Cmd+F)
[PM 12:47:45]   ⌨️  "1400388493" 입력 중...
[PM 12:47:47]   🔎 검색 결과: 없음
[PM 12:47:47]   ⚠️  "1400388493" 검색 결과 없음, 건너뜀
[PM 12:47:48] 
[38/49] 이름없음 (522-02-00071) → 5220200071
[PM 12:47:48]   🔍 검색창 열기 (Cmd+F)
[PM 12:47:49]   ⌨️  "5220200071" 입력 중...
[PM 12:47:52]   🔎 검색 결과: 없음
[PM 12:47:52]   ⚠️  "5220200071" 검색 결과 없음, 건너뜀
[PM 12:47:52] 
[39/49] 이름없음 (616-40-01305) → 6164001305
[PM 12:47:52]   🔍 검색창 열기 (Cmd+F)
[PM 12:47:53]   ⌨️  "6164001305" 입력 중...
[PM 12:47:56]   🔎 검색 결과: 없음
[PM 12:47:56]   ⚠️  "6164001305" 검색 결과 없음, 건너뜀
[PM 12:47:56] 
[40/49] 이름없음 (686-26-00503) → 6862600503
[PM 12:47:56]   🔍 검색창 열기 (Cmd+F)
[PM 12:47:58]   ⌨️  "6862600503" 입력 중...
[PM 12:48:00]   🔎 검색 결과: 없음
[PM 12:48:00]   ⚠️  "6862600503" 검색 결과 없음, 건너뜀
[PM 12:48:00] 
[41/49] 이음 (779-55-00580) → 7795500580
[PM 12:48:00]   🔍 검색창 열기 (Cmd+F)
[PM 12:48:02]   ⌨️  "7795500580" 입력 중...
[PM 12:48:04]   🔎 검색 결과: 없음
[PM 12:48:04]   ⚠️  "7795500580" 검색 결과 없음, 건너뜀
[PM 12:48:05] 
[42/49] 주식회사 유담 (623-87-03500) → 6238703500
[PM 12:48:05]   🔍 검색창 열기 (Cmd+F)
[PM 12:48:06]   ⌨️  "6238703500" 입력 중...
[PM 12:48:08]   🔎 검색 결과: 발견
[PM 12:48:08]   📂 채팅방 열기
[PM 12:48:10]   ✉️  문구 클립보드 복사 후 붙여넣기...
[PM 12:48:12]   ✉️  문구 전송 완료
[PM 12:48:12]   🎴 카드 이미지 클립보드 복사 중: image_4ef92c41-5600-4397-914c-e430d001ba73.png
[PM 12:48:13]   📤 카드 이미지 붙여넣기 (Cmd+V)
[PM 12:48:16]   🎴 카드 이미지 전송 완료: image_4ef92c41-5600-4397-914c-e430d001ba73.png
[PM 12:48:16]   📋 사업자 이미지 클립보드 복사 중: 고지내역_부가가치세_6238703500.png
[PM 12:48:17]   📤 사업자 이미지 붙여넣기 (Cmd+V)
[PM 12:48:21]   🖼 사업자 이미지 전송 완료: 고지내역_부가가치세_6238703500.png
[PM 12:48:21]   🚪 채팅방 닫기 (Cmd+W)
[PM 12:48:21] ✅ [42/49] "주식회사 유담" 전송 완료
[PM 12:48:23] 
[43/49] 주식회사 의림기획 (689-81-03416) → 6898103416
[PM 12:48:23]   🔍 검색창 열기 (Cmd+F)
[PM 12:48:24]   ⌨️  "6898103416" 입력 중...
[PM 12:48:26]   🔎 검색 결과: 없음
[PM 12:48:26]   ⚠️  "6898103416" 검색 결과 없음, 건너뜀
[PM 12:48:27] 
[44/49] 진품마케팅 X ATD (851-17-01934) → 8511701934
[PM 12:48:27]   🔍 검색창 열기 (Cmd+F)
[PM 12:48:28]   ⌨️  "8511701934" 입력 중...
[PM 12:48:30]   🔎 검색 결과: 없음
[PM 12:48:30]   ⚠️  "8511701934" 검색 결과 없음, 건너뜀
[PM 12:48:31] 
[45/49] 째주도 (272-04-02222) → 2720402222
[PM 12:48:31]   🔍 검색창 열기 (Cmd+F)
[PM 12:48:32]   ⌨️  "2720402222" 입력 중...
[PM 12:48:34]   🔎 검색 결과: 없음
[PM 12:48:34]   ⚠️  "2720402222" 검색 결과 없음, 건너뜀
[PM 12:48:35] 
[46/49] 청솔장어 (127-47-15026) → 1274715026
[PM 12:48:35]   🔍 검색창 열기 (Cmd+F)
[PM 12:48:36]   ⌨️  "1274715026" 입력 중...
[PM 12:48:39]   🔎 검색 결과: 없음
[PM 12:48:39]   ⚠️  "1274715026" 검색 결과 없음, 건너뜀
[PM 12:48:39] 
[47/49] 케이&에스엔터테인먼트 (349-49-01053) → 3494901053
[PM 12:48:39]   🔍 검색창 열기 (Cmd+F)
[PM 12:48:41]   ⌨️  "3494901053" 입력 중...
[PM 12:48:43]   🔎 검색 결과: 없음
[PM 12:48:43]   ⚠️  "3494901053" 검색 결과 없음, 건너뜀
[PM 12:48:43] 
[48/49] 킥(KiK) (262-16-02441) → 2621602441
[PM 12:48:43]   🔍 검색창 열기 (Cmd+F)
[PM 12:48:45]   ⌨️  "2621602441" 입력 중...
[PM 12:48:47]   🔎 검색 결과: 없음
[PM 12:48:47]   ⚠️  "2621602441" 검색 결과 없음, 건너뜀
[PM 12:48:48] 
[49/49] 피터패트(pitapat) (730-16-02416) → 7301602416
[PM 12:48:48]   🔍 검색창 열기 (Cmd+F)
[PM 12:48:49]   ⌨️  "7301602416" 입력 중...
[PM 12:48:51]   🔎 검색 결과: 없음
[PM 12:48:51]   ⚠️  "7301602416" 검색 결과 없음, 건너뜀
[PM 12:48:52] 
✅ 카카오톡 전송 전체 완료 — 성공 2건 / 실패 0건 / 건너뜀 47건

================================================
 완료: 2026. 4. 8. PM 12:48:52
 소요 시간: 239초
 결과: 성공 2건 / 실패 0건 / 건너뜀 47건
================================================
