================================================
 카카오톡 전송 로그
 시작: 2026. 4. 7. AM 3:10:37
 전송 대상: 1건
 메시지: "🌸 안녕하세요, 대표님!
코드세무회계입니다.

따뜻한 봄기운이 완연한 4월입니다.
바쁜 일정 중에도 저희와 함께해주셔서
늘 감사한 마음입니다.

이번 달은 2026년 1기 부가가치세
예정고지 납부 기간입니다.

이번 고지세액은 지난 하반기 납부액의
절반을 미리 납부하시는 것으로,
추후 확정 신고 시 그만큼 차감되어
세금 부담을 덜어주는 제도입니다.

[납부 안내 사항]

✅ 납부 기한
: 4월 27일(월)까지

✅ 납부 내용
: 직전 반기 납부세액의 1/2

바쁘신 와중에 깜빡하여 가산세가
발생하지 않도록 기한 내 납부를
꼭 부탁드립니다.

오늘도 대표님의 비즈니스가
활짝 피어나는 하루가 되길 응원합니다!"
================================================
[AM 3:10:37] 📱 카카오톡 실행 중...
[AM 3:10:41] ✅ 카카오톡 실행 완료
[AM 3:10:41] 💬 채팅 목록 열기 (Cmd+2)
[AM 3:10:42] 
[1/1] (JH)컴퍼니 (289-24-01404) → 한상일
[AM 3:10:42]   🔍 검색창 열기 (Cmd+F)
[AM 3:10:43]   ⌨️  "한상일" 입력 중...
[AM 3:10:45]   🔎 검색 결과: 발견
[AM 3:10:45]   📂 채팅방 열기
[AM 3:10:47]   ✉️  문구 클립보드 복사 후 붙여넣기...
[AM 3:10:49]   ✉️  문구 전송 완료
[AM 3:10:49]   🎴 카드 이미지 클립보드 복사 중: image_4ef92c41-5600-4397-914c-e430d001ba73.png
[AM 3:10:50]   📤 카드 이미지 붙여넣기 (Cmd+V)
[AM 3:10:54]   🎴 카드 이미지 전송 완료: image_4ef92c41-5600-4397-914c-e430d001ba73.png
[AM 3:10:54]   📋 사업자 이미지 클립보드 복사 중: 고지내역_부가가치세_2892401404.png
[AM 3:10:54]   📤 사업자 이미지 붙여넣기 (Cmd+V)
[AM 3:10:58]   🖼 사업자 이미지 전송 완료: 고지내역_부가가치세_2892401404.png
[AM 3:10:58]   🚪 채팅방 닫기 (Cmd+W)
[AM 3:10:59] ✅ [1/1] "(JH)컴퍼니" 전송 완료
[AM 3:10:59] 
✅ 카카오톡 전송 전체 완료 — 성공 1건 / 실패 0건 / 건너뜀 0건

================================================
 완료: 2026. 4. 7. AM 3:10:59
 소요 시간: 22초
 결과: 성공 1건 / 실패 0건 / 건너뜀 0건
================================================
