================================================
 카카오톡 전송 로그
 시작: 2026. 4. 7. AM 2:33:32
 전송 대상: 1건
 메시지: "🌸 안녕하세요, 대표님!
코드세무회계입니다.

따뜻한 봄기운이 완연한 4월입니다.
바쁜 일정 중에도 저희와 함께해주셔서
늘 감사한 마음입니다.

이번 달은 2026년 1기 부가가치세
예정고지 납부 기간입니다.

이번 고지세액은 지난 하반기 납부액의
절반을 미리 납부하시는 것으로,
추후 확정 신고 시 그만큼 차감되어
세금 부담을 덜어주는 제도입니다.

[납부 안내 사항]

✅ 납부 기한
: 4월 27일(월)까지

✅ 납부 내용
: 직전 반기 납부세액의 1/2

바쁘신 와중에 깜빡하여 가산세가
발생하지 않도록 기한 내 납부를
꼭 부탁드립니다.

오늘도 대표님의 비즈니스가
활짝 피어나는 하루가 되길 응원합니다!"
================================================
[AM 2:33:32] 📱 카카오톡 실행 중...
[AM 2:33:36] ✅ 카카오톡 실행 완료
[AM 2:33:36] 💬 채팅 목록 열기 (Cmd+2)
[AM 2:33:37] 
[1/1] (JH)컴퍼니 (289-24-01404) → ___한상일
[AM 2:33:37]   🔍 검색창 열기 (Cmd+F)
[AM 2:33:39]   ⌨️  "___한상일" 입력 중...
[AM 2:33:41]   🔎 검색 결과: 없음
[AM 2:33:41]   ⚠️  "___한상일" 검색 결과 없음, 건너뜀
[AM 2:33:41] 
✅ 카카오톡 전송 전체 완료 — 성공 0건 / 실패 0건 / 건너뜀 1건

================================================
 완료: 2026. 4. 7. AM 2:33:41
 소요 시간: 9초
 결과: 성공 0건 / 실패 0건 / 건너뜀 1건
================================================
