================================================
 카카오톡 전송 로그
 시작: 2026. 4. 8. AM 11:55:02
 전송 대상: 88건
 메시지: "🌸 안녕하세요, 대표님!
코드세무회계입니다.

따뜻한 봄기운이 완연한 4월입니다.
바쁜 일정 중에도 저희와 함께해주셔서
늘 감사한 마음입니다.

이번 달은 2026년 1기 부가가치세
예정고지 납부 기간입니다.

이번 고지세액은 지난 하반기 납부액의
절반을 미리 납부하시는 것으로,
추후 확정 신고 시 그만큼 차감되어
세금 부담을 덜어주는 제도입니다.

[납부 안내 사항]

✅ 납부 기한
: 4월 27일(월)까지

✅ 납부 내용
: 직전 반기 납부세액의 1/2

바쁘신 와중에 깜빡하여 가산세가
발생하지 않도록 기한 내 납부를
꼭 부탁드립니다.

오늘도 대표님의 비즈니스가
활짝 피어나는 하루가 되길 응원합니다!"
================================================
[AM 11:55:02] 📱 카카오톡 실행 중...
[AM 11:55:06] ✅ 카카오톡 실행 완료
[AM 11:55:06] 💬 채팅 목록 열기 (Cmd+2)
[AM 11:55:07] 
[1/88] (CA)경영지원연구소 (442-07-02803) → 4420702803
[AM 11:55:07]   🔍 검색창 열기 (Cmd+F)
[AM 11:55:09]   ⌨️  "4420702803" 입력 중...
[AM 11:55:11]   🔎 검색 결과: 없음
[AM 11:55:11]   ⚠️  "4420702803" 검색 결과 없음, 건너뜀
[AM 11:55:12] 
[2/88] (JH)컴퍼니 (289-24-01404) → 2892401404
[AM 11:55:12]   🔍 검색창 열기 (Cmd+F)
[AM 11:55:13]   ⌨️  "2892401404" 입력 중...
[AM 11:55:16]   🔎 검색 결과: 발견
[AM 11:55:16]   📂 채팅방 열기
[AM 11:55:17]   ✉️  문구 클립보드 복사 후 붙여넣기...
[AM 11:55:19]   ✉️  문구 전송 완료
[AM 11:55:19]   🎴 카드 이미지 클립보드 복사 중: image_4ef92c41-5600-4397-914c-e430d001ba73.png
[AM 11:55:20]   📤 카드 이미지 붙여넣기 (Cmd+V)
[AM 11:55:24]   🎴 카드 이미지 전송 완료: image_4ef92c41-5600-4397-914c-e430d001ba73.png
[AM 11:55:24]   📋 사업자 이미지 클립보드 복사 중: 고지내역_부가가치세_2892401404.png
[AM 11:55:25]   📤 사업자 이미지 붙여넣기 (Cmd+V)
[AM 11:55:28]   🖼 사업자 이미지 전송 완료: 고지내역_부가가치세_2892401404.png
[AM 11:55:28]   🚪 채팅방 닫기 (Cmd+W)
[AM 11:55:29] ✅ [2/88] "(JH)컴퍼니" 전송 완료
[AM 11:55:31] 
[3/88] 강한솔루션 (410-33-02483) → 4103302483
[AM 11:55:31]   🔍 검색창 열기 (Cmd+F)
[AM 11:55:32]   ⌨️  "4103302483" 입력 중...
[AM 11:55:34]   🔎 검색 결과: 발견
[AM 11:55:34]   📂 채팅방 열기
[AM 11:55:36]   ✉️  문구 클립보드 복사 후 붙여넣기...
[AM 11:55:39]   ✉️  문구 전송 완료
[AM 11:55:39]   🎴 카드 이미지 클립보드 복사 중: image_4ef92c41-5600-4397-914c-e430d001ba73.png
[AM 11:55:39]   📤 카드 이미지 붙여넣기 (Cmd+V)
[AM 11:55:43]   🎴 카드 이미지 전송 완료: image_4ef92c41-5600-4397-914c-e430d001ba73.png
[AM 11:55:43]   📋 사업자 이미지 클립보드 복사 중: 고지내역_부가가치세_4103302483.png
[AM 11:55:44]   📤 사업자 이미지 붙여넣기 (Cmd+V)
[AM 11:55:48]   🖼 사업자 이미지 전송 완료: 고지내역_부가가치세_4103302483.png
[AM 11:55:48]   🚪 채팅방 닫기 (Cmd+W)
[AM 11:55:48] ✅ [3/88] "강한솔루션" 전송 완료
[AM 11:55:50] 
[4/88] 경회택배 (107-35-71623) → 1073571623
[AM 11:55:50]   🔍 검색창 열기 (Cmd+F)
[AM 11:55:51]   ⌨️  "1073571623" 입력 중...
[AM 11:55:53]   🔎 검색 결과: 없음
[AM 11:55:53]   ⚠️  "1073571623" 검색 결과 없음, 건너뜀
[AM 11:55:54] 
[5/88] 광천종합특수강 (772-17-01704) → 7721701704
[AM 11:55:54]   🔍 검색창 열기 (Cmd+F)
[AM 11:55:55]   ⌨️  "7721701704" 입력 중...
[AM 11:55:57]   🔎 검색 결과: 발견
[AM 11:55:57]   📂 채팅방 열기
[AM 11:55:59]   ✉️  문구 클립보드 복사 후 붙여넣기...
[AM 11:56:01]   ✉️  문구 전송 완료
[AM 11:56:01]   🎴 카드 이미지 클립보드 복사 중: image_4ef92c41-5600-4397-914c-e430d001ba73.png
[AM 11:56:02]   📤 카드 이미지 붙여넣기 (Cmd+V)
[AM 11:56:06]   🎴 카드 이미지 전송 완료: image_4ef92c41-5600-4397-914c-e430d001ba73.png
[AM 11:56:06]   📋 사업자 이미지 클립보드 복사 중: 고지내역_부가가치세_7721701704.png
[AM 11:56:06]   📤 사업자 이미지 붙여넣기 (Cmd+V)
[AM 11:56:10]   🖼 사업자 이미지 전송 완료: 고지내역_부가가치세_7721701704.png
[AM 11:56:10]   🚪 채팅방 닫기 (Cmd+W)
[AM 11:56:10] ✅ [5/88] "광천종합특수강" 전송 완료
[AM 11:56:12] 
[6/88] 그리다 아이엔티(INT) (880-23-01097) → 8802301097
[AM 11:56:12]   🔍 검색창 열기 (Cmd+F)
[AM 11:56:13]   ⌨️  "8802301097" 입력 중...
[AM 11:56:16]   🔎 검색 결과: 없음
[AM 11:56:16]   ⚠️  "8802301097" 검색 결과 없음, 건너뜀
[AM 11:56:16] 
[7/88] 기업금융관리원 (618-64-00628) → 6186400628
[AM 11:56:16]   🔍 검색창 열기 (Cmd+F)
[AM 11:56:18]   ⌨️  "6186400628" 입력 중...
[AM 11:56:20]   🔎 검색 결과: 없음
[AM 11:56:20]   ⚠️  "6186400628" 검색 결과 없음, 건너뜀
[AM 11:56:20] 
[8/88] 김충일사업 (545-62-00836) → 5456200836
[AM 11:56:20]   🔍 검색창 열기 (Cmd+F)
[AM 11:56:22]   ⌨️  "5456200836" 입력 중...
[AM 11:56:24]   🔎 검색 결과: 없음
[AM 11:56:24]   ⚠️  "5456200836" 검색 결과 없음, 건너뜀
[AM 11:56:25] 
[9/88] 다 테크 (769-50-00119) → 7695000119
[AM 11:56:25]   🔍 검색창 열기 (Cmd+F)
[AM 11:56:26]   ⌨️  "7695000119" 입력 중...
[AM 11:56:28]   🔎 검색 결과: 발견
[AM 11:56:28]   📂 채팅방 열기
[AM 11:56:30]   ✉️  문구 클립보드 복사 후 붙여넣기...
[AM 11:56:32]   ✉️  문구 전송 완료
[AM 11:56:32]   🎴 카드 이미지 클립보드 복사 중: image_4ef92c41-5600-4397-914c-e430d001ba73.png
[AM 11:56:33]   📤 카드 이미지 붙여넣기 (Cmd+V)
[AM 11:56:36]   🎴 카드 이미지 전송 완료: image_4ef92c41-5600-4397-914c-e430d001ba73.png
[AM 11:56:36]   📋 사업자 이미지 클립보드 복사 중: 고지내역_부가가치세_7695000119.png
[AM 11:56:37]   📤 사업자 이미지 붙여넣기 (Cmd+V)
[AM 11:56:40]   🖼 사업자 이미지 전송 완료: 고지내역_부가가치세_7695000119.png
[AM 11:56:40]   🚪 채팅방 닫기 (Cmd+W)
[AM 11:56:41] ✅ [9/88] "다 테크" 전송 완료
[AM 11:56:42] 
[10/88] 다로갈비 병점점 (695-10-02969) → 6951002969
[AM 11:56:42]   🔍 검색창 열기 (Cmd+F)
[AM 11:56:43]   ⌨️  "6951002969" 입력 중...
[AM 11:56:46]   🔎 검색 결과: 발견
[AM 11:56:46]   📂 채팅방 열기
[AM 11:56:47]   ✉️  문구 클립보드 복사 후 붙여넣기...
